#
# A fatal error has been detected by the Java Runtime Environment:
#
#  EXCEPTION_ACCESS_VIOLATION (0xc0000005) at pc=0x00007ffe7e4050d0, pid=14412, tid=12220
#
# JRE version: Java(TM) SE Runtime Environment (19.0.1+10) (build 19.0.1+10-21)
# Java VM: Java HotSpot(TM) 64-Bit Server VM (19.0.1+10-21, mixed mode, sharing, tiered, compressed oops, compressed class ptrs, g1 gc, windows-amd64)
# Problematic frame:
# V  [jvm.dll+0x150d0]
#
# No core dump will be written. Minidumps are not enabled by default on client versions of Windows
#
# If you would like to submit a bug report, please visit:
#   https://bugreport.java.com/bugreport/crash.jsp
#

---------------  S U M M A R Y ------------

Command Line: -agentlib:jdwp=transport=dt_socket,server=n,suspend=y,address=localhost:60240 --enable-preview -XX:+ShowCodeDetailsInExceptionMessages --module-path=C:\Users\nguem\source\investpro\target\classes;C:\Users\nguem\.m2\repository\org\java-websocket\Java-WebSocket\1.5.3\Java-WebSocket-1.5.3.jar;C:\Users\nguem\.m2\repository\org\openjfx\javafx-controls\19\javafx-controls-19-win.jar;C:\Users\nguem\.m2\repository\org\openjfx\javafx-graphics\19\javafx-graphics-19-win.jar;C:\Users\nguem\.m2\repository\org\openjfx\javafx-base\19\javafx-base-19-win.jar;C:\Users\nguem\.m2\repository\org\openjfx\javafx-fxml\19\javafx-fxml-19-win.jar;C:\Users\nguem\.m2\repository\org\jetbrains\annotations\23.0.0\annotations-23.0.0.jar;C:\Users\nguem\.m2\repository\com\jfoenix\jfoenix\9.0.10\jfoenix-9.0.10.jar;C:\Users\nguem\.m2\repository\org\openjfx\javafx-web\19\javafx-web-19-win.jar;C:\Users\nguem\.m2\repository\org\openjfx\javafx-media\19\javafx-media-19-win.jar;C:\Users\nguem\.m2\repository\org\json\json\20220320\json-20220320.jar;C:\Users\nguem\.m2\repository\org\testcontainers\testcontainers\1.17.6\testcontainers-1.17.6.jar;C:\Users\nguem\.m2\repository\com\fasterxml\jackson\core\jackson-databind\2.14.1\jackson-databind-2.14.1.jar;C:\Users\nguem\.m2\repository\com\fasterxml\jackson\core\jackson-annotations\2.14.1\jackson-annotations-2.14.1.jar;C:\Users\nguem\.m2\repository\com\fasterxml\jackson\core\jackson-core\2.14.1\jackson-core-2.14.1.jar;C:\Users\nguem\.m2\repository\org\openjfx\javafx-swing\19.0.2\javafx-swing-19.0.2-win.jar;C:\Users\nguem\.m2\repository\io\ebean\persistence-api\3.0\persistence-api-3.0.jar;C:\Users\nguem\.m2\repository\org\controlsfx\controlsfx\11.1.1\controlsfx-11.1.1.jar;C:\Users\nguem\.m2\repository\com\fasterxml\jackson\datatype\jackson-datatype-jsr310\2.14.0\jackson-datatype-jsr310-2.14.0.jar;C:\Users\nguem\.m2\repository\com\mysql\mysql-connector-j\8.0.32\mysql-connector-j-8.0.32.jar -Djdk.module.main=org.investpro.investpro org.investpro.investpro/org.investpro.investpro.Main

Host: Intel(R) Core(TM) i5-10500H CPU @ 2.50GHz, 12 cores, 7G,  Windows 11 , 64 bit Build 22621 (10.0.22621.1105)
Time: Sat Feb 11 06:29:57 2023 Eastern Standard Time elapsed time: 587.923543 seconds (0d 0h 9m 47s)

---------------  T H R E A D  ---------------

Current thread (0x00000135fd6980f0):  JavaThread "JDWP Transport Listener: dt_socket" daemon [_thread_in_vm, id=12220, stack(0x0000001fb8c00000,0x0000001fb8d00000)]

Stack: [0x0000001fb8c00000,0x0000001fb8d00000],  sp=0x0000001fb8cfebc8,  free space=1018k
Native frames: (J=compiled Java code, j=interpreted, Vv=VM code, C=native code)
V  [jvm.dll+0x150d0]


siginfo: EXCEPTION_ACCESS_VIOLATION (0xc0000005), reading address 0x0000000000000000


Registers:
RAX=0x00000008004767b8, RBX=0x00000135ffa5e7c0, RCX=0x0000000000000000, RDX=0x00007ff678b2103e
RSP=0x0000001fb8cfebc8, RBP=0x00007ffe78fea838, RSI=0x0000000000000000, RDI=0x00000008004767b8
R8 =0x0000000000000000, R9 =0x0000000000000000, R10=0x00007ffe7e838950, R11=0x0000001fb8cfed98
R12=0x00000135fd6980f0, R13=0x00007ffe78fea838, R14=0x0000000000000000, R15=0x00007ffe78f977fc
RIP=0x00007ffe7e4050d0, EFLAGS=0x0000000000010246


Register to memory mapping:

RIP=0x00007ffe7e4050d0 jvm.dll
RAX=0x00000008004767b8 is pointing into metadata
RBX=0x00000135ffa5e7c0 points into unknown readable memory: 0x77660012d5b20002 | 02 00 b2 d5 12 00 66 77
RCX=0x0 is NULL
RDX=0x00007ff678b2103e is an unknown value
RSP=0x0000001fb8cfebc8 is pointing into the stack for thread: 0x00000135fd6980f0
RBP=0x00007ffe78fea838 points into unknown readable memory: 0x6f707369446b7766 | 66 77 6b 44 69 73 70 6f
RSI=0x0 is NULL
RDI=0x00000008004767b8 is pointing into metadata
R8 =0x0 is NULL
R9 =0x0 is NULL
R10=0x00007ffe7e838950 jvm.dll
R11=0x0000001fb8cfed98 is pointing into the stack for thread: 0x00000135fd6980f0
R12=0x00000135fd6980f0 is a thread
R13=0x00007ffe78fea838 points into unknown readable memory: 0x6f707369446b7766 | 66 77 6b 44 69 73 70 6f
R14=0x0 is NULL
R15=0x00007ffe78f977fc points into unknown readable memory: 28 29 56 00


Top of Stack: (sp=0x0000001fb8cfebc8)
0x0000001fb8cfebc8:   00007ffe7e83bbe9 00000135ffa5e7c0
0x0000001fb8cfebd8:   0000000000000000 0000000000000003
0x0000001fb8cfebe8:   0000000000000000 0000000000000000
0x0000001fb8cfebf8:   00007ffe7eacf921 0000000000000000
0x0000001fb8cfec08:   0000000000000000 0000ed3cb04bbdb1
0x0000001fb8cfec18:   0000000000000000 00007ffe78fea838
0x0000001fb8cfec28:   0000000000000000 00009b75f2e464b0
0x0000001fb8cfec38:   00000135dc552e00 0000000000000009
0x0000001fb8cfec48:   00000135cf21e000 00007fff0b6a7870
0x0000001fb8cfec58:   00007ffe7eacf921 0000000000000000
0x0000001fb8cfec68:   00007fff127925c4 0000000000000000
0x0000001fb8cfec78:   00007fff0b428eca 00007fff0b6a7870
0x0000001fb8cfec88:   0000000000000001 00007fff00000001
0x0000001fb8cfec98:   0000001fb8cfecb0 00000000dc552e00
0x0000001fb8cfeca8:   00007fff0bcdb7d8 00007fff127bfe10
0x0000001fb8cfecb8:   00007fff0b6a7870 0000013500000001 

Instructions: (pc=0x00007ffe7e4050d0)
0x00007ffe7e404fd0:   ec 12 b3 00 48 83 c4 20 5b 48 ff e0 48 8d 05 ed
0x00007ffe7e404fe0:   00 00 00 48 8b cb 48 89 05 d3 12 b3 00 48 83 c4
0x00007ffe7e404ff0:   20 5b 48 ff e0 48 8d 05 d4 00 00 00 48 8b cb 48
0x00007ffe7e405000:   89 05 ba 12 b3 00 48 83 c4 20 5b 48 ff e0 48 8b
0x00007ffe7e405010:   0d ab 09 bb 00 8b 51 10 83 ea 01 0f 84 91 00 00
0x00007ffe7e405020:   00 83 ea 01 74 73 83 ea 01 74 55 83 fa 01 74 37
0x00007ffe7e405030:   4c 8d 0d 49 75 8a 00 41 b8 e2 00 00 00 48 8d 15
0x00007ffe7e405040:   74 75 8a 00 b9 00 00 00 e0 e8 72 d5 26 00 e8 5d
0x00007ffe7e405050:   92 6d 00 33 c0 48 8b cb 48 89 05 61 12 b3 00 48
0x00007ffe7e405060:   83 c4 20 5b 48 ff e0 48 8d 05 72 00 00 00 48 8b
0x00007ffe7e405070:   cb 48 89 05 48 12 b3 00 48 83 c4 20 5b 48 ff e0
0x00007ffe7e405080:   48 8d 05 49 00 00 00 48 8b cb 48 89 05 2f 12 b3
0x00007ffe7e405090:   00 48 83 c4 20 5b 48 ff e0 48 8d 05 30 00 00 00
0x00007ffe7e4050a0:   48 8b cb 48 89 05 16 12 b3 00 48 83 c4 20 5b 48
0x00007ffe7e4050b0:   ff e0 48 8d 05 17 00 00 00 48 8b cb 48 89 05 fd
0x00007ffe7e4050c0:   11 b3 00 48 83 c4 20 5b 48 ff e0 cc cc cc cc cc
0x00007ffe7e4050d0:   48 8b 01 c3 cc cc cc cc cc cc cc cc cc cc cc cc
0x00007ffe7e4050e0:   48 89 5c 24 08 57 48 83 ec 20 48 8b 39 48 8b d9
0x00007ffe7e4050f0:   48 85 3d a1 5b c0 00 75 0e 48 8b c7 48 8b 5c 24
0x00007ffe7e405100:   30 48 83 c4 20 5f c3 48 8b cf e8 c1 2e 87 00 48
0x00007ffe7e405110:   8b d0 48 85 c0 74 20 48 8b c7 f0 48 0f b1 13 74
0x00007ffe7e405120:   16 48 85 05 70 5b c0 00 74 0d 48 8b c8 f0 48 0f
0x00007ffe7e405130:   b1 13 48 3b c1 75 ea 48 8b 5c 24 30 48 8b c2 48
0x00007ffe7e405140:   83 c4 20 5f c3 cc cc cc cc cc cc cc cc cc cc cc
0x00007ffe7e405150:   8b 44 24 30 45 03 c9 44 2b 4c 24 28 83 c0 0b 44
0x00007ffe7e405160:   03 ca 45 03 c8 41 03 c1 c3 cc cc cc cc cc cc cc
0x00007ffe7e405170:   48 8b 41 08 0f b7 48 2a 0f b7 40 28 83 c0 48 03
0x00007ffe7e405180:   c1 c3 cc cc cc cc cc cc cc cc cc cc cc cc cc cc
0x00007ffe7e405190:   48 89 5c 24 08 57 48 83 ec 20 0f b6 05 5f 64 c0
0x00007ffe7e4051a0:   00 48 8b fa 48 8b d9 84 c0 74 4f 48 85 15 e6 5a
0x00007ffe7e4051b0:   c0 00 74 38 48 8b ca e8 24 31 87 00 48 8b d0 48
0x00007ffe7e4051c0:   85 db 74 25 48 85 c0 74 20 48 8b c7 f0 48 0f b1 


Stack slot to memory mapping:
stack at sp + 0 slots: 0x00007ffe7e83bbe9 jvm.dll
stack at sp + 1 slots: 0x00000135ffa5e7c0 points into unknown readable memory: 0x77660012d5b20002 | 02 00 b2 d5 12 00 66 77
stack at sp + 2 slots: 0x0 is NULL
stack at sp + 3 slots: 0x0000000000000003 is an unknown value
stack at sp + 4 slots: 0x0 is NULL
stack at sp + 5 slots: 0x0 is NULL
stack at sp + 6 slots: 0x00007ffe7eacf921 jvm.dll
stack at sp + 7 slots: 0x0 is NULL


---------------  P R O C E S S  ---------------

Threads class SMR info:
_java_thread_list=0x00000135d733c340, length=39, elements={
0x00000135de7e03f0, 0x00000135fcc9d980, 0x00000135fcca02c0, 0x00000135fcca5b50,
0x00000135fcca67e0, 0x00000135fcca7110, 0x00000135fccac5f0, 0x00000135fccb21c0,
0x00000135fccb7270, 0x00000135fccbc820, 0x00000135fd528640, 0x00000135fd6980f0,
0x00000135fda80be0, 0x00000135fdaa9b90, 0x00000135fdd97930, 0x00000135fde0c770,
0x00000135fdd14e20, 0x00000135fe003900, 0x00000135ff139a50, 0x00000135ff138a60,
0x00000135ff13a4f0, 0x00000135ff138510, 0x00000135ff139fa0, 0x00000135ff8de9d0,
0x00000135ff8dc9f0, 0x00000135ff8def20, 0x00000135ff8de480, 0x000001358cd0cd60,
0x000001358cd0e2a0, 0x00000135d0ba77d0, 0x00000135d0ba7280, 0x00000135d0ba6290,
0x00000135d0ba5d40, 0x00000135d0ba8270, 0x00000135d0ba7d20, 0x000001360986d8b0,
0x00000135fd87ec30, 0x00000135cf0e0020, 0x00000135db93abc0
}

Java Threads: ( => current thread )
  0x00000135de7e03f0 JavaThread "main" [_thread_blocked, id=20332, stack(0x0000001fb7a00000,0x0000001fb7b00000)]
  0x00000135fcc9d980 JavaThread "Reference Handler" daemon [_thread_blocked, id=19572, stack(0x0000001fb8100000,0x0000001fb8200000)]
  0x00000135fcca02c0 JavaThread "Finalizer" daemon [_thread_blocked, id=17696, stack(0x0000001fb8200000,0x0000001fb8300000)]
  0x00000135fcca5b50 JavaThread "Signal Dispatcher" daemon [_thread_blocked, id=700, stack(0x0000001fb8300000,0x0000001fb8400000)]
  0x00000135fcca67e0 JavaThread "Attach Listener" daemon [_thread_blocked, id=16096, stack(0x0000001fb8400000,0x0000001fb8500000)]
  0x00000135fcca7110 JavaThread "Service Thread" daemon [_thread_blocked, id=5664, stack(0x0000001fb8500000,0x0000001fb8600000)]
  0x00000135fccac5f0 JavaThread "Monitor Deflation Thread" daemon [_thread_blocked, id=15248, stack(0x0000001fb8600000,0x0000001fb8700000)]
  0x00000135fccb21c0 JavaThread "C2 CompilerThread0" daemon [_thread_blocked, id=8048, stack(0x0000001fb8700000,0x0000001fb8800000)]
  0x00000135fccb7270 JavaThread "C1 CompilerThread0" daemon [_thread_blocked, id=19340, stack(0x0000001fb8800000,0x0000001fb8900000)]
  0x00000135fccbc820 JavaThread "Sweeper thread" daemon [_thread_blocked, id=17784, stack(0x0000001fb8900000,0x0000001fb8a00000)]
  0x00000135fd528640 JavaThread "Common-Cleaner" daemon [_thread_blocked, id=19380, stack(0x0000001fb8a00000,0x0000001fb8b00000)]
=>0x00000135fd6980f0 JavaThread "JDWP Transport Listener: dt_socket" daemon [_thread_in_vm, id=12220, stack(0x0000001fb8c00000,0x0000001fb8d00000)]
  0x00000135fda80be0 JavaThread "JDWP Event Helper Thread" daemon [_thread_blocked, id=16512, stack(0x0000001fb8d00000,0x0000001fb8e00000)]
  0x00000135fdaa9b90 JavaThread "Notification Thread" daemon [_thread_blocked, id=14908, stack(0x0000001fb8f00000,0x0000001fb9000000)]
  0x00000135fdd97930 JavaThread "QuantumRenderer-0" daemon [_thread_blocked, id=14516, stack(0x0000001fb9500000,0x0000001fb9600000)]
  0x00000135fde0c770 JavaThread "InvokeLaterDispatcher" daemon [_thread_blocked, id=9244, stack(0x0000001fb9600000,0x0000001fb9700000)]
  0x00000135fdd14e20 JavaThread "JavaFX Application Thread" [_thread_in_native, id=19040, stack(0x0000001fb9700000,0x0000001fb9800000)]
  0x00000135fe003900 JavaThread "Thread-1" daemon [_thread_in_native, id=18872, stack(0x0000001fb9b00000,0x0000001fb9c00000)]
  0x00000135ff139a50 JavaThread "JavaFX-Launcher" [_thread_blocked, id=13676, stack(0x0000001fb9c00000,0x0000001fb9d00000)]
  0x00000135ff138a60 JavaThread "Prism Font Disposer" daemon [_thread_blocked, id=13300, stack(0x0000001fba500000,0x0000001fba600000)]
  0x00000135ff13a4f0 JavaThread "Cleaner-0" daemon [_thread_blocked, id=15668, stack(0x0000001fb8b00000,0x0000001fb8c00000)]
  0x00000135ff138510 JavaThread "Disposer" daemon [_thread_blocked, id=20196, stack(0x0000001fba900000,0x0000001fbaa00000)]
  0x00000135ff139fa0 JavaThread "HttpClient-1-SelectorManager" daemon [_thread_in_native, id=12556, stack(0x0000001fbaa00000,0x0000001fbab00000)]
  0x00000135ff8de9d0 JavaThread "ForkJoinPool.commonPool-worker-2" daemon [_thread_blocked, id=15104, stack(0x0000001fbb900000,0x0000001fbba00000)]
  0x00000135ff8dc9f0 JavaThread "ForkJoinPool.commonPool-worker-1" daemon [_thread_blocked, id=7004, stack(0x0000001fbba00000,0x0000001fbbb00000)]
  0x00000135ff8def20 JavaThread "ForkJoinPool.commonPool-worker-3" daemon [_thread_blocked, id=16608, stack(0x0000001fbbb00000,0x0000001fbbc00000)]
  0x00000135ff8de480 JavaThread "ForkJoinPool.commonPool-worker-4" daemon [_thread_blocked, id=9396, stack(0x0000001fbbc00000,0x0000001fbbd00000)]
  0x000001358cd0cd60 JavaThread "Thread-3" daemon [_thread_in_native, id=15972, stack(0x0000001fbbd00000,0x0000001fbbe00000)]
  0x000001358cd0e2a0 JavaThread "HttpClient-1-Worker-18" daemon [_thread_blocked, id=17088, stack(0x0000001fbd200000,0x0000001fbd300000)]
  0x00000135d0ba77d0 JavaThread "ForkJoinPool.commonPool-worker-5" daemon [_thread_blocked, id=16928, stack(0x0000001fbd600000,0x0000001fbd700000)]
  0x00000135d0ba7280 JavaThread "ForkJoinPool.commonPool-worker-6" daemon [_thread_blocked, id=2808, stack(0x0000001fbd700000,0x0000001fbd800000)]
  0x00000135d0ba6290 JavaThread "ForkJoinPool.commonPool-worker-7" daemon [_thread_blocked, id=9952, stack(0x0000001fbd800000,0x0000001fbd900000)]
  0x00000135d0ba5d40 JavaThread "ForkJoinPool.commonPool-worker-8" daemon [_thread_blocked, id=17000, stack(0x0000001fbd900000,0x0000001fbda00000)]
  0x00000135d0ba8270 JavaThread "ForkJoinPool.commonPool-worker-9" daemon [_thread_blocked, id=16400, stack(0x0000001fbda00000,0x0000001fbdb00000)]
  0x00000135d0ba7d20 JavaThread "ForkJoinPool.commonPool-worker-10" daemon [_thread_blocked, id=20164, stack(0x0000001fbdb00000,0x0000001fbdc00000)]
  0x000001360986d8b0 JavaThread "HttpClient-1-Worker-23" daemon [_thread_blocked, id=16532, stack(0x0000001fbb400000,0x0000001fbb500000)]
  0x00000135fd87ec30 JavaThread "HttpClient-1-Worker-25" daemon [_thread_blocked, id=2996, stack(0x0000001fb7700000,0x0000001fb7800000)]
  0x00000135cf0e0020 JavaThread "HttpClient-1-Worker-27" daemon [_thread_blocked, id=12172, stack(0x0000001fbac00000,0x0000001fbad00000)]
  0x00000135db93abc0 JavaThread "HttpClient-1-Worker-26" daemon [_thread_blocked, id=1172, stack(0x0000001fbad00000,0x0000001fbae00000)]

Other Threads:
  0x00000135fcc867e0 VMThread "VM Thread" [stack: 0x0000001fb8000000,0x0000001fb8100000] [id=3328]
  0x00000135fd846860 WatcherThread "VM Periodic Task Thread" [stack: 0x0000001fb9000000,0x0000001fb9100000] [id=14556]
  0x00000135de8469e0 WorkerThread "GC Thread#0" [stack: 0x0000001fb7b00000,0x0000001fb7c00000] [id=19780]
  0x00000135fd9fa620 WorkerThread "GC Thread#1" [stack: 0x0000001fb9100000,0x0000001fb9200000] [id=13640]
  0x00000135fdc24b50 WorkerThread "GC Thread#2" [stack: 0x0000001fb9200000,0x0000001fb9300000] [id=9248]
  0x00000135fdc37dc0 WorkerThread "GC Thread#3" [stack: 0x0000001fb9300000,0x0000001fb9400000] [id=18564]
  0x00000135fdc38c20 WorkerThread "GC Thread#4" [stack: 0x0000001fb9400000,0x0000001fb9500000] [id=15056]
  0x00000135fdc38680 WorkerThread "GC Thread#5" [stack: 0x0000001fb9d00000,0x0000001fb9e00000] [id=11332]
  0x00000135ff0ca6d0 WorkerThread "GC Thread#6" [stack: 0x0000001fb9e00000,0x0000001fb9f00000] [id=18744]
  0x00000135ff0ca9a0 WorkerThread "GC Thread#7" [stack: 0x0000001fb9f00000,0x0000001fba000000] [id=7872]
  0x00000135ff0cac70 WorkerThread "GC Thread#8" [stack: 0x0000001fba000000,0x0000001fba100000] [id=10676]
  0x00000135ff0c9e60 WorkerThread "GC Thread#9" [stack: 0x0000001fba100000,0x0000001fba200000] [id=9984]
  0x00000135de857180 ConcurrentGCThread "G1 Main Marker" [stack: 0x0000001fb7c00000,0x0000001fb7d00000] [id=11296]
  0x00000135de857eb0 WorkerThread "G1 Conc#0" [stack: 0x0000001fb7d00000,0x0000001fb7e00000] [id=16760]
  0x00000135ff0caf40 WorkerThread "G1 Conc#1" [stack: 0x0000001fba600000,0x0000001fba700000] [id=13828]
  0x00000135ff0cc890 WorkerThread "G1 Conc#2" [stack: 0x0000001fba700000,0x0000001fba800000] [id=17388]
  0x00000135de89e670 ConcurrentGCThread "G1 Refine#0" [stack: 0x0000001fb7e00000,0x0000001fb7f00000] [id=12976]
  0x00000135fcb3e0e0 ConcurrentGCThread "G1 Service" [stack: 0x0000001fb7f00000,0x0000001fb8000000] [id=13724]

Threads with active compile tasks:

VM state: not at safepoint (normal execution)

VM Mutex/Monitor currently owned by a thread: None

Heap address: 0x0000000083e00000, size: 1986 MB, Compressed Oops mode: 32-bit

CDS archive(s) mapped at: [0x0000000800000000-0x0000000800c40000-0x0000000800c40000), size 12845056, SharedBaseAddress: 0x0000000800000000, ArchiveRelocationMode: 0.
Compressed class space mapped at: 0x0000000801000000-0x0000000841000000, reserved size: 1073741824
Narrow klass base: 0x0000000800000000, Narrow klass shift: 0, Narrow klass range: 0x100000000

GC Precious Log:
 CardTable entry size: 512
 Card Set container configuration: InlinePtr #cards 5 size 8 Array Of Cards #cards 12 size 40 Howl #buckets 4 coarsen threshold 1843 Howl Bitmap #cards 512 size 80 coarsen threshold 460 Card regions per heap region 1 cards per card region 2048
 CPUs: 12 total, 12 available
 Memory: 7940M
 Large Page Support: Disabled
 NUMA Support: Disabled
 Compressed Oops: Enabled (32-bit)
 Heap Region Size: 1M
 Heap Min Capacity: 8M
 Heap Initial Capacity: 126M
 Heap Max Capacity: 1986M
 Pre-touch: Disabled
 Parallel Workers: 10
 Concurrent Workers: 3
 Concurrent Refinement Workers: 10
 Periodic GC: Disabled

Heap:
 garbage-first heap   total 239616K, used 92794K [0x0000000083e00000, 0x0000000100000000)
  region size 1024K, 19 young (19456K), 8 survivors (8192K)
 Metaspace       used 45629K, committed 46144K, reserved 1114112K
  class space    used 5770K, committed 6016K, reserved 1048576K

Heap Regions: E=young(eden), S=young(survivor), O=old, HS=humongous(starts), HC=humongous(continues), CS=collection set, F=free, OA=open archive, CA=closed archive, TAMS=top-at-mark-start (previous, next)
|   0|0x0000000083e00000, 0x0000000083f00000, 0x0000000083f00000|100%|HS|  |TAMS 0x0000000083f00000, 0x0000000083e00000| Complete 
|   1|0x0000000083f00000, 0x0000000084000000, 0x0000000084000000|100%|HC|  |TAMS 0x0000000084000000, 0x0000000083f00000| Complete 
|   2|0x0000000084000000, 0x0000000084100000, 0x0000000084100000|100%| O|  |TAMS 0x0000000084100000, 0x0000000084000000| Untracked 
|   3|0x0000000084100000, 0x0000000084200000, 0x0000000084200000|100%| O|  |TAMS 0x0000000084200000, 0x0000000084100000| Untracked 
|   4|0x0000000084200000, 0x0000000084300000, 0x0000000084300000|100%| O|  |TAMS 0x0000000084300000, 0x0000000084200000| Untracked 
|   5|0x0000000084300000, 0x0000000084400000, 0x0000000084400000|100%| O|  |TAMS 0x0000000084400000, 0x0000000084300000| Untracked 
|   6|0x0000000084400000, 0x0000000084500000, 0x0000000084500000|100%| O|  |TAMS 0x0000000084500000, 0x0000000084400000| Untracked 
|   7|0x0000000084500000, 0x0000000084600000, 0x0000000084600000|100%| O|  |TAMS 0x0000000084600000, 0x0000000084500000| Complete 
|   8|0x0000000084600000, 0x0000000084700000, 0x0000000084700000|100%| O|  |TAMS 0x0000000084700000, 0x0000000084600000| Untracked 
|   9|0x0000000084700000, 0x0000000084800000, 0x0000000084800000|100%|HS|  |TAMS 0x0000000084800000, 0x0000000084700000| Complete 
|  10|0x0000000084800000, 0x0000000084900000, 0x0000000084900000|100%|HC|  |TAMS 0x0000000084900000, 0x0000000084800000| Complete 
|  11|0x0000000084900000, 0x0000000084a00000, 0x0000000084a00000|100%|HC|  |TAMS 0x0000000084a00000, 0x0000000084900000| Complete 
|  12|0x0000000084a00000, 0x0000000084b00000, 0x0000000084b00000|100%| O|  |TAMS 0x0000000084b00000, 0x0000000084a00000| Untracked 
|  13|0x0000000084b00000, 0x0000000084c00000, 0x0000000084c00000|100%| O|  |TAMS 0x0000000084c00000, 0x0000000084b00000| Untracked 
|  14|0x0000000084c00000, 0x0000000084d00000, 0x0000000084d00000|100%| O|  |TAMS 0x0000000084d00000, 0x0000000084c00000| Untracked 
|  15|0x0000000084d00000, 0x0000000084e00000, 0x0000000084e00000|100%| O|  |TAMS 0x0000000084e00000, 0x0000000084d00000| Untracked 
|  16|0x0000000084e00000, 0x0000000084f00000, 0x0000000084f00000|100%| O|  |TAMS 0x0000000084f00000, 0x0000000084e00000| Untracked 
|  17|0x0000000084f00000, 0x0000000085000000, 0x0000000085000000|100%| O|  |TAMS 0x0000000085000000, 0x0000000084f00000| Untracked 
|  18|0x0000000085000000, 0x0000000085100000, 0x0000000085100000|100%| O|  |TAMS 0x0000000085100000, 0x0000000085000000| Untracked 
|  19|0x0000000085100000, 0x0000000085200000, 0x0000000085200000|100%| O|  |TAMS 0x0000000085200000, 0x0000000085100000| Untracked 
|  20|0x0000000085200000, 0x0000000085300000, 0x0000000085300000|100%| O|  |TAMS 0x0000000085300000, 0x0000000085200000| Untracked 
|  21|0x0000000085300000, 0x0000000085400000, 0x0000000085400000|100%| O|  |TAMS 0x0000000085400000, 0x0000000085300000| Untracked 
|  22|0x0000000085400000, 0x0000000085500000, 0x0000000085500000|100%| O|  |TAMS 0x0000000085500000, 0x0000000085400000| Untracked 
|  23|0x0000000085500000, 0x0000000085600000, 0x0000000085600000|100%|HS|  |TAMS 0x0000000085600000, 0x0000000085500000| Complete 
|  24|0x0000000085600000, 0x0000000085700000, 0x0000000085700000|100%|HC|  |TAMS 0x0000000085700000, 0x0000000085600000| Complete 
|  25|0x0000000085700000, 0x0000000085800000, 0x0000000085800000|100%| O|  |TAMS 0x0000000085800000, 0x0000000085700000| Untracked 
|  26|0x0000000085800000, 0x0000000085900000, 0x0000000085900000|100%|HS|  |TAMS 0x0000000085900000, 0x0000000085800000| Complete 
|  27|0x0000000085900000, 0x0000000085a00000, 0x0000000085a00000|100%|HC|  |TAMS 0x0000000085a00000, 0x0000000085900000| Complete 
|  28|0x0000000085a00000, 0x0000000085b00000, 0x0000000085b00000|100%| O|  |TAMS 0x0000000085b00000, 0x0000000085a00000| Untracked 
|  29|0x0000000085b00000, 0x0000000085c00000, 0x0000000085c00000|100%|HS|  |TAMS 0x0000000085c00000, 0x0000000085b00000| Complete 
|  30|0x0000000085c00000, 0x0000000085d00000, 0x0000000085d00000|100%|HC|  |TAMS 0x0000000085d00000, 0x0000000085c00000| Complete 
|  31|0x0000000085d00000, 0x0000000085e00000, 0x0000000085e00000|100%| O|  |TAMS 0x0000000085e00000, 0x0000000085d00000| Untracked 
|  32|0x0000000085e00000, 0x0000000085f00000, 0x0000000085f00000|100%|HS|  |TAMS 0x0000000085f00000, 0x0000000085e00000| Complete 
|  33|0x0000000085f00000, 0x0000000086000000, 0x0000000086000000|100%|HC|  |TAMS 0x0000000086000000, 0x0000000085f00000| Complete 
|  34|0x0000000086000000, 0x0000000086100000, 0x0000000086100000|100%|HS|  |TAMS 0x0000000086100000, 0x0000000086000000| Complete 
|  35|0x0000000086100000, 0x0000000086200000, 0x0000000086200000|100%|HC|  |TAMS 0x0000000086200000, 0x0000000086100000| Complete 
|  36|0x0000000086200000, 0x0000000086300000, 0x0000000086300000|100%|HC|  |TAMS 0x0000000086300000, 0x0000000086200000| Complete 
|  37|0x0000000086300000, 0x0000000086400000, 0x0000000086400000|100%| O|  |TAMS 0x0000000086400000, 0x0000000086300000| Untracked 
|  38|0x0000000086400000, 0x0000000086500000, 0x0000000086500000|100%| O|  |TAMS 0x0000000086500000, 0x0000000086400000| Untracked 
|  39|0x0000000086500000, 0x0000000086600000, 0x0000000086600000|100%| O|  |TAMS 0x0000000086600000, 0x0000000086500000| Untracked 
|  40|0x0000000086600000, 0x0000000086700000, 0x0000000086700000|100%| O|  |TAMS 0x0000000086700000, 0x0000000086600000| Untracked 
|  41|0x0000000086700000, 0x0000000086800000, 0x0000000086800000|100%| O|  |TAMS 0x0000000086800000, 0x0000000086700000| Untracked 
|  42|0x0000000086800000, 0x0000000086900000, 0x0000000086900000|100%| O|  |TAMS 0x0000000086900000, 0x0000000086800000| Untracked 
|  43|0x0000000086900000, 0x0000000086a00000, 0x0000000086a00000|100%| O|  |TAMS 0x0000000086a00000, 0x0000000086900000| Untracked 
|  44|0x0000000086a00000, 0x0000000086b00000, 0x0000000086b00000|100%| O|  |TAMS 0x0000000086b00000, 0x0000000086a00000| Untracked 
|  45|0x0000000086b00000, 0x0000000086c00000, 0x0000000086c00000|100%| O|  |TAMS 0x0000000086c00000, 0x0000000086b00000| Untracked 
|  46|0x0000000086c00000, 0x0000000086d00000, 0x0000000086d00000|100%| O|  |TAMS 0x0000000086d00000, 0x0000000086c00000| Untracked 
|  47|0x0000000086d00000, 0x0000000086e00000, 0x0000000086e00000|100%| O|  |TAMS 0x0000000086e00000, 0x0000000086d00000| Untracked 
|  48|0x0000000086e00000, 0x0000000086f00000, 0x0000000086f00000|100%| O|  |TAMS 0x0000000086f00000, 0x0000000086e00000| Untracked 
|  49|0x0000000086f00000, 0x0000000087000000, 0x0000000087000000|100%| O|  |TAMS 0x0000000087000000, 0x0000000086f00000| Untracked 
|  50|0x0000000087000000, 0x0000000087100000, 0x0000000087100000|100%| O|  |TAMS 0x0000000087100000, 0x0000000087000000| Untracked 
|  51|0x0000000087100000, 0x0000000087200000, 0x0000000087200000|100%| O|  |TAMS 0x0000000087200000, 0x0000000087100000| Untracked 
|  52|0x0000000087200000, 0x0000000087300000, 0x0000000087300000|100%| O|  |TAMS 0x0000000087300000, 0x0000000087200000| Complete 
|  53|0x0000000087300000, 0x0000000087400000, 0x0000000087400000|100%|HS|  |TAMS 0x0000000087400000, 0x0000000087300000| Complete 
|  54|0x0000000087400000, 0x0000000087500000, 0x0000000087500000|100%| O|  |TAMS 0x0000000087500000, 0x0000000087400000| Untracked 
|  55|0x0000000087500000, 0x0000000087600000, 0x0000000087600000|100%| O|  |TAMS 0x0000000087600000, 0x0000000087500000| Untracked 
|  56|0x0000000087600000, 0x0000000087700000, 0x0000000087700000|100%| O|  |TAMS 0x0000000087700000, 0x0000000087600000| Complete 
|  57|0x0000000087700000, 0x0000000087800000, 0x0000000087800000|100%| O|  |TAMS 0x000000008779f000, 0x0000000087700000| Untracked 
|  58|0x0000000087800000, 0x00000000878c5a00, 0x0000000087900000| 77%| O|  |TAMS 0x0000000087800000, 0x0000000087800000| Untracked 
|  59|0x0000000087900000, 0x0000000087a00000, 0x0000000087a00000|100%| O|  |TAMS 0x0000000087a00000, 0x0000000087900000| Untracked 
|  60|0x0000000087a00000, 0x0000000087b00000, 0x0000000087b00000|100%|HS|  |TAMS 0x0000000087b00000, 0x0000000087a00000| Complete 
|  61|0x0000000087b00000, 0x0000000087c00000, 0x0000000087c00000|100%|HC|  |TAMS 0x0000000087c00000, 0x0000000087b00000| Complete 
|  62|0x0000000087c00000, 0x0000000087d00000, 0x0000000087d00000|100%|HC|  |TAMS 0x0000000087d00000, 0x0000000087c00000| Complete 
|  63|0x0000000087d00000, 0x0000000087e00000, 0x0000000087e00000|100%|HS|  |TAMS 0x0000000087e00000, 0x0000000087d00000| Complete 
|  64|0x0000000087e00000, 0x0000000087f00000, 0x0000000087f00000|100%|HC|  |TAMS 0x0000000087f00000, 0x0000000087e00000| Complete 
|  65|0x0000000087f00000, 0x0000000088000000, 0x0000000088000000|100%| O|  |TAMS 0x0000000088000000, 0x0000000087f00000| Complete 
|  66|0x0000000088000000, 0x0000000088100000, 0x0000000088100000|100%| O|  |TAMS 0x0000000088100000, 0x0000000088000000| Untracked 
|  67|0x0000000088100000, 0x0000000088100000, 0x0000000088200000|  0%| F|  |TAMS 0x0000000088100000, 0x0000000088100000| Untracked 
|  68|0x0000000088200000, 0x0000000088200000, 0x0000000088300000|  0%| F|  |TAMS 0x0000000088200000, 0x0000000088200000| Untracked 
|  69|0x0000000088300000, 0x0000000088300000, 0x0000000088400000|  0%| F|  |TAMS 0x0000000088300000, 0x0000000088300000| Untracked 
|  70|0x0000000088400000, 0x0000000088500000, 0x0000000088500000|100%| O|  |TAMS 0x0000000088500000, 0x0000000088400000| Untracked 
|  71|0x0000000088500000, 0x00000000885e0600, 0x0000000088600000| 87%| O|  |TAMS 0x00000000885e0600, 0x0000000088500000| Untracked 
|  72|0x0000000088600000, 0x0000000088600000, 0x0000000088700000|  0%| F|  |TAMS 0x0000000088600000, 0x0000000088600000| Untracked 
|  73|0x0000000088700000, 0x0000000088700000, 0x0000000088800000|  0%| F|  |TAMS 0x0000000088700000, 0x0000000088700000| Untracked 
|  74|0x0000000088800000, 0x0000000088800000, 0x0000000088900000|  0%| F|  |TAMS 0x0000000088800000, 0x0000000088800000| Untracked 
|  75|0x0000000088900000, 0x0000000088900000, 0x0000000088a00000|  0%| F|  |TAMS 0x0000000088900000, 0x0000000088900000| Untracked 
|  76|0x0000000088a00000, 0x0000000088a00000, 0x0000000088b00000|  0%| F|  |TAMS 0x0000000088a00000, 0x0000000088a00000| Untracked 
|  77|0x0000000088b00000, 0x0000000088b00000, 0x0000000088c00000|  0%| F|  |TAMS 0x0000000088b00000, 0x0000000088b00000| Untracked 
|  78|0x0000000088c00000, 0x0000000088c00000, 0x0000000088d00000|  0%| F|  |TAMS 0x0000000088c00000, 0x0000000088c00000| Untracked 
|  79|0x0000000088d00000, 0x0000000088d00000, 0x0000000088e00000|  0%| F|  |TAMS 0x0000000088d00000, 0x0000000088d00000| Untracked 
|  80|0x0000000088e00000, 0x0000000088e00000, 0x0000000088f00000|  0%| F|  |TAMS 0x0000000088e00000, 0x0000000088e00000| Untracked 
|  81|0x0000000088f00000, 0x0000000088f00000, 0x0000000089000000|  0%| F|  |TAMS 0x0000000088f00000, 0x0000000088f00000| Untracked 
|  82|0x0000000089000000, 0x0000000089000000, 0x0000000089100000|  0%| F|  |TAMS 0x0000000089000000, 0x0000000089000000| Untracked 
|  83|0x0000000089100000, 0x0000000089100000, 0x0000000089200000|  0%| F|  |TAMS 0x0000000089100000, 0x0000000089100000| Untracked 
|  84|0x0000000089200000, 0x0000000089200000, 0x0000000089300000|  0%| F|  |TAMS 0x0000000089200000, 0x0000000089200000| Untracked 
|  85|0x0000000089300000, 0x0000000089300000, 0x0000000089400000|  0%| F|  |TAMS 0x0000000089300000, 0x0000000089300000| Untracked 
|  86|0x0000000089400000, 0x0000000089400000, 0x0000000089500000|  0%| F|  |TAMS 0x0000000089400000, 0x0000000089400000| Untracked 
|  87|0x0000000089500000, 0x0000000089500000, 0x0000000089600000|  0%| F|  |TAMS 0x0000000089500000, 0x0000000089500000| Untracked 
|  88|0x0000000089600000, 0x0000000089600000, 0x0000000089700000|  0%| F|  |TAMS 0x0000000089600000, 0x0000000089600000| Untracked 
|  89|0x0000000089700000, 0x0000000089700000, 0x0000000089800000|  0%| F|  |TAMS 0x0000000089700000, 0x0000000089700000| Untracked 
|  90|0x0000000089800000, 0x0000000089800000, 0x0000000089900000|  0%| F|  |TAMS 0x0000000089800000, 0x0000000089800000| Untracked 
|  91|0x0000000089900000, 0x0000000089900000, 0x0000000089a00000|  0%| F|  |TAMS 0x0000000089900000, 0x0000000089900000| Untracked 
|  92|0x0000000089a00000, 0x0000000089a00000, 0x0000000089b00000|  0%| F|  |TAMS 0x0000000089a00000, 0x0000000089a00000| Untracked 
|  93|0x0000000089b00000, 0x0000000089b00000, 0x0000000089c00000|  0%| F|  |TAMS 0x0000000089b00000, 0x0000000089b00000| Untracked 
|  94|0x0000000089c00000, 0x0000000089c00000, 0x0000000089d00000|  0%| F|  |TAMS 0x0000000089c00000, 0x0000000089c00000| Untracked 
|  95|0x0000000089d00000, 0x0000000089d00000, 0x0000000089e00000|  0%| F|  |TAMS 0x0000000089d00000, 0x0000000089d00000| Untracked 
|  96|0x0000000089e00000, 0x0000000089f00000, 0x0000000089f00000|100%| O|  |TAMS 0x0000000089f00000, 0x0000000089e00000| Untracked 
|  97|0x0000000089f00000, 0x000000008a000000, 0x000000008a000000|100%| O|  |TAMS 0x000000008a000000, 0x0000000089f00000| Untracked 
|  98|0x000000008a000000, 0x000000008a100000, 0x000000008a100000|100%| O|  |TAMS 0x000000008a100000, 0x000000008a000000| Untracked 
|  99|0x000000008a100000, 0x000000008a100000, 0x000000008a200000|  0%| F|  |TAMS 0x000000008a100000, 0x000000008a100000| Untracked 
| 100|0x000000008a200000, 0x000000008a200000, 0x000000008a300000|  0%| F|  |TAMS 0x000000008a200000, 0x000000008a200000| Untracked 
| 101|0x000000008a300000, 0x000000008a300000, 0x000000008a400000|  0%| F|  |TAMS 0x000000008a300000, 0x000000008a300000| Untracked 
| 102|0x000000008a400000, 0x000000008a400000, 0x000000008a500000|  0%| F|  |TAMS 0x000000008a400000, 0x000000008a400000| Untracked 
| 103|0x000000008a500000, 0x000000008a500000, 0x000000008a600000|  0%| F|  |TAMS 0x000000008a500000, 0x000000008a500000| Untracked 
| 104|0x000000008a600000, 0x000000008a600000, 0x000000008a700000|  0%| F|  |TAMS 0x000000008a600000, 0x000000008a600000| Untracked 
| 105|0x000000008a700000, 0x000000008a700000, 0x000000008a800000|  0%| F|  |TAMS 0x000000008a700000, 0x000000008a700000| Untracked 
| 106|0x000000008a800000, 0x000000008a800000, 0x000000008a900000|  0%| F|  |TAMS 0x000000008a800000, 0x000000008a800000| Untracked 
| 107|0x000000008a900000, 0x000000008a900000, 0x000000008aa00000|  0%| F|  |TAMS 0x000000008a900000, 0x000000008a900000| Untracked 
| 108|0x000000008aa00000, 0x000000008aa00000, 0x000000008ab00000|  0%| F|  |TAMS 0x000000008aa00000, 0x000000008aa00000| Untracked 
| 109|0x000000008ab00000, 0x000000008ab00000, 0x000000008ac00000|  0%| F|  |TAMS 0x000000008ab00000, 0x000000008ab00000| Untracked 
| 110|0x000000008ac00000, 0x000000008ac00000, 0x000000008ad00000|  0%| F|  |TAMS 0x000000008ac00000, 0x000000008ac00000| Untracked 
| 111|0x000000008ad00000, 0x000000008ad00000, 0x000000008ae00000|  0%| F|  |TAMS 0x000000008ad00000, 0x000000008ad00000| Untracked 
| 112|0x000000008ae00000, 0x000000008ae00000, 0x000000008af00000|  0%| F|  |TAMS 0x000000008ae00000, 0x000000008ae00000| Untracked 
| 113|0x000000008af00000, 0x000000008af00000, 0x000000008b000000|  0%| F|  |TAMS 0x000000008af00000, 0x000000008af00000| Untracked 
| 114|0x000000008b000000, 0x000000008b000000, 0x000000008b100000|  0%| F|  |TAMS 0x000000008b000000, 0x000000008b000000| Untracked 
| 115|0x000000008b100000, 0x000000008b100000, 0x000000008b200000|  0%| F|  |TAMS 0x000000008b100000, 0x000000008b100000| Untracked 
| 116|0x000000008b200000, 0x000000008b200000, 0x000000008b300000|  0%| F|  |TAMS 0x000000008b200000, 0x000000008b200000| Untracked 
| 117|0x000000008b300000, 0x000000008b300000, 0x000000008b400000|  0%| F|  |TAMS 0x000000008b300000, 0x000000008b300000| Untracked 
| 118|0x000000008b400000, 0x000000008b400000, 0x000000008b500000|  0%| F|  |TAMS 0x000000008b400000, 0x000000008b400000| Untracked 
| 119|0x000000008b500000, 0x000000008b500000, 0x000000008b600000|  0%| F|  |TAMS 0x000000008b500000, 0x000000008b500000| Untracked 
| 120|0x000000008b600000, 0x000000008b600000, 0x000000008b700000|  0%| F|  |TAMS 0x000000008b600000, 0x000000008b600000| Untracked 
| 121|0x000000008b700000, 0x000000008b700000, 0x000000008b800000|  0%| F|  |TAMS 0x000000008b700000, 0x000000008b700000| Untracked 
| 122|0x000000008b800000, 0x000000008b800000, 0x000000008b900000|  0%| F|  |TAMS 0x000000008b800000, 0x000000008b800000| Untracked 
| 123|0x000000008b900000, 0x000000008b900000, 0x000000008ba00000|  0%| F|  |TAMS 0x000000008b900000, 0x000000008b900000| Untracked 
| 124|0x000000008ba00000, 0x000000008ba00000, 0x000000008bb00000|  0%| F|  |TAMS 0x000000008ba00000, 0x000000008ba00000| Untracked 
| 125|0x000000008bb00000, 0x000000008bb00000, 0x000000008bc00000|  0%| F|  |TAMS 0x000000008bb00000, 0x000000008bb00000| Untracked 
| 126|0x000000008bc00000, 0x000000008bc00000, 0x000000008bd00000|  0%| F|  |TAMS 0x000000008bc00000, 0x000000008bc00000| Untracked 
| 127|0x000000008bd00000, 0x000000008bd00000, 0x000000008be00000|  0%| F|  |TAMS 0x000000008bd00000, 0x000000008bd00000| Untracked 
| 128|0x000000008be00000, 0x000000008be00000, 0x000000008bf00000|  0%| F|  |TAMS 0x000000008be00000, 0x000000008be00000| Untracked 
| 129|0x000000008bf00000, 0x000000008bf00000, 0x000000008c000000|  0%| F|  |TAMS 0x000000008bf00000, 0x000000008bf00000| Untracked 
| 130|0x000000008c000000, 0x000000008c000000, 0x000000008c100000|  0%| F|  |TAMS 0x000000008c000000, 0x000000008c000000| Untracked 
| 131|0x000000008c100000, 0x000000008c100000, 0x000000008c200000|  0%| F|  |TAMS 0x000000008c100000, 0x000000008c100000| Untracked 
| 132|0x000000008c200000, 0x000000008c200000, 0x000000008c300000|  0%| F|  |TAMS 0x000000008c200000, 0x000000008c200000| Untracked 
| 133|0x000000008c300000, 0x000000008c300000, 0x000000008c400000|  0%| F|  |TAMS 0x000000008c300000, 0x000000008c300000| Untracked 
| 134|0x000000008c400000, 0x000000008c400000, 0x000000008c500000|  0%| F|  |TAMS 0x000000008c400000, 0x000000008c400000| Untracked 
| 135|0x000000008c500000, 0x000000008c500000, 0x000000008c600000|  0%| F|  |TAMS 0x000000008c500000, 0x000000008c500000| Untracked 
| 136|0x000000008c600000, 0x000000008c600000, 0x000000008c700000|  0%| F|  |TAMS 0x000000008c600000, 0x000000008c600000| Untracked 
| 137|0x000000008c700000, 0x000000008c700000, 0x000000008c800000|  0%| F|  |TAMS 0x000000008c700000, 0x000000008c700000| Untracked 
| 138|0x000000008c800000, 0x000000008c800000, 0x000000008c900000|  0%| F|  |TAMS 0x000000008c800000, 0x000000008c800000| Untracked 
| 139|0x000000008c900000, 0x000000008c900000, 0x000000008ca00000|  0%| F|  |TAMS 0x000000008c900000, 0x000000008c900000| Untracked 
| 140|0x000000008ca00000, 0x000000008ca00000, 0x000000008cb00000|  0%| F|  |TAMS 0x000000008ca00000, 0x000000008ca00000| Untracked 
| 141|0x000000008cb00000, 0x000000008cb00000, 0x000000008cc00000|  0%| F|  |TAMS 0x000000008cb00000, 0x000000008cb00000| Untracked 
| 142|0x000000008cc00000, 0x000000008cc00000, 0x000000008cd00000|  0%| F|  |TAMS 0x000000008cc00000, 0x000000008cc00000| Untracked 
| 143|0x000000008cd00000, 0x000000008cd00000, 0x000000008ce00000|  0%| F|  |TAMS 0x000000008cd00000, 0x000000008cd00000| Untracked 
| 144|0x000000008ce00000, 0x000000008ce00000, 0x000000008cf00000|  0%| F|  |TAMS 0x000000008ce00000, 0x000000008ce00000| Untracked 
| 145|0x000000008cf00000, 0x000000008cf00000, 0x000000008d000000|  0%| F|  |TAMS 0x000000008cf00000, 0x000000008cf00000| Untracked 
| 146|0x000000008d000000, 0x000000008d000000, 0x000000008d100000|  0%| F|  |TAMS 0x000000008d000000, 0x000000008d000000| Untracked 
| 147|0x000000008d100000, 0x000000008d100000, 0x000000008d200000|  0%| F|  |TAMS 0x000000008d100000, 0x000000008d100000| Untracked 
| 148|0x000000008d200000, 0x000000008d200000, 0x000000008d300000|  0%| F|  |TAMS 0x000000008d200000, 0x000000008d200000| Untracked 
| 149|0x000000008d300000, 0x000000008d300000, 0x000000008d400000|  0%| F|  |TAMS 0x000000008d300000, 0x000000008d300000| Untracked 
| 150|0x000000008d400000, 0x000000008d400000, 0x000000008d500000|  0%| F|  |TAMS 0x000000008d400000, 0x000000008d400000| Untracked 
| 151|0x000000008d500000, 0x000000008d500000, 0x000000008d600000|  0%| F|  |TAMS 0x000000008d500000, 0x000000008d500000| Untracked 
| 152|0x000000008d600000, 0x000000008d600000, 0x000000008d700000|  0%| F|  |TAMS 0x000000008d600000, 0x000000008d600000| Untracked 
| 153|0x000000008d700000, 0x000000008d700000, 0x000000008d800000|  0%| F|  |TAMS 0x000000008d700000, 0x000000008d700000| Untracked 
| 154|0x000000008d800000, 0x000000008d800000, 0x000000008d900000|  0%| F|  |TAMS 0x000000008d800000, 0x000000008d800000| Untracked 
| 155|0x000000008d900000, 0x000000008d900000, 0x000000008da00000|  0%| F|  |TAMS 0x000000008d900000, 0x000000008d900000| Untracked 
| 156|0x000000008da00000, 0x000000008da00000, 0x000000008db00000|  0%| F|  |TAMS 0x000000008da00000, 0x000000008da00000| Untracked 
| 157|0x000000008db00000, 0x000000008db00000, 0x000000008dc00000|  0%| F|  |TAMS 0x000000008db00000, 0x000000008db00000| Untracked 
| 158|0x000000008dc00000, 0x000000008dc00000, 0x000000008dd00000|  0%| F|  |TAMS 0x000000008dc00000, 0x000000008dc00000| Untracked 
| 159|0x000000008dd00000, 0x000000008dd00000, 0x000000008de00000|  0%| F|  |TAMS 0x000000008dd00000, 0x000000008dd00000| Untracked 
| 160|0x000000008de00000, 0x000000008de00000, 0x000000008df00000|  0%| F|  |TAMS 0x000000008de00000, 0x000000008de00000| Untracked 
| 161|0x000000008df00000, 0x000000008df00000, 0x000000008e000000|  0%| F|  |TAMS 0x000000008df00000, 0x000000008df00000| Untracked 
| 162|0x000000008e000000, 0x000000008e0f8880, 0x000000008e100000| 97%| S|CS|TAMS 0x000000008e000000, 0x000000008e000000| Complete 
| 163|0x000000008e100000, 0x000000008e200000, 0x000000008e200000|100%| S|CS|TAMS 0x000000008e100000, 0x000000008e100000| Complete 
| 164|0x000000008e200000, 0x000000008e300000, 0x000000008e300000|100%| S|CS|TAMS 0x000000008e200000, 0x000000008e200000| Complete 
| 165|0x000000008e300000, 0x000000008e400000, 0x000000008e400000|100%| S|CS|TAMS 0x000000008e300000, 0x000000008e300000| Complete 
| 166|0x000000008e400000, 0x000000008e500000, 0x000000008e500000|100%| S|CS|TAMS 0x000000008e400000, 0x000000008e400000| Complete 
| 167|0x000000008e500000, 0x000000008e600000, 0x000000008e600000|100%| S|CS|TAMS 0x000000008e500000, 0x000000008e500000| Complete 
| 168|0x000000008e600000, 0x000000008e700000, 0x000000008e700000|100%| S|CS|TAMS 0x000000008e600000, 0x000000008e600000| Complete 
| 169|0x000000008e700000, 0x000000008e800000, 0x000000008e800000|100%| S|CS|TAMS 0x000000008e700000, 0x000000008e700000| Complete 
| 170|0x000000008e800000, 0x000000008e800000, 0x000000008e900000|  0%| F|  |TAMS 0x000000008e800000, 0x000000008e800000| Untracked 
| 171|0x000000008e900000, 0x000000008e900000, 0x000000008ea00000|  0%| F|  |TAMS 0x000000008e900000, 0x000000008e900000| Untracked 
| 172|0x000000008ea00000, 0x000000008ea00000, 0x000000008eb00000|  0%| F|  |TAMS 0x000000008ea00000, 0x000000008ea00000| Untracked 
| 173|0x000000008eb00000, 0x000000008eb00000, 0x000000008ec00000|  0%| F|  |TAMS 0x000000008eb00000, 0x000000008eb00000| Untracked 
| 174|0x000000008ec00000, 0x000000008ec00000, 0x000000008ed00000|  0%| F|  |TAMS 0x000000008ec00000, 0x000000008ec00000| Untracked 
| 175|0x000000008ed00000, 0x000000008ed00000, 0x000000008ee00000|  0%| F|  |TAMS 0x000000008ed00000, 0x000000008ed00000| Untracked 
| 176|0x000000008ee00000, 0x000000008ee00000, 0x000000008ef00000|  0%| F|  |TAMS 0x000000008ee00000, 0x000000008ee00000| Untracked 
| 177|0x000000008ef00000, 0x000000008ef00000, 0x000000008f000000|  0%| F|  |TAMS 0x000000008ef00000, 0x000000008ef00000| Untracked 
| 178|0x000000008f000000, 0x000000008f000000, 0x000000008f100000|  0%| F|  |TAMS 0x000000008f000000, 0x000000008f000000| Untracked 
| 179|0x000000008f100000, 0x000000008f100000, 0x000000008f200000|  0%| F|  |TAMS 0x000000008f100000, 0x000000008f100000| Untracked 
| 180|0x000000008f200000, 0x000000008f200000, 0x000000008f300000|  0%| F|  |TAMS 0x000000008f200000, 0x000000008f200000| Untracked 
| 181|0x000000008f300000, 0x000000008f300000, 0x000000008f400000|  0%| F|  |TAMS 0x000000008f300000, 0x000000008f300000| Untracked 
| 182|0x000000008f400000, 0x000000008f400000, 0x000000008f500000|  0%| F|  |TAMS 0x000000008f400000, 0x000000008f400000| Untracked 
| 183|0x000000008f500000, 0x000000008f500000, 0x000000008f600000|  0%| F|  |TAMS 0x000000008f500000, 0x000000008f500000| Untracked 
| 184|0x000000008f600000, 0x000000008f600000, 0x000000008f700000|  0%| F|  |TAMS 0x000000008f600000, 0x000000008f600000| Untracked 
| 185|0x000000008f700000, 0x000000008f700000, 0x000000008f800000|  0%| F|  |TAMS 0x000000008f700000, 0x000000008f700000| Untracked 
| 186|0x000000008f800000, 0x000000008f800000, 0x000000008f900000|  0%| F|  |TAMS 0x000000008f800000, 0x000000008f800000| Untracked 
| 187|0x000000008f900000, 0x000000008f900000, 0x000000008fa00000|  0%| F|  |TAMS 0x000000008f900000, 0x000000008f900000| Untracked 
| 188|0x000000008fa00000, 0x000000008fa00000, 0x000000008fb00000|  0%| F|  |TAMS 0x000000008fa00000, 0x000000008fa00000| Untracked 
| 189|0x000000008fb00000, 0x000000008fb00000, 0x000000008fc00000|  0%| F|  |TAMS 0x000000008fb00000, 0x000000008fb00000| Untracked 
| 190|0x000000008fc00000, 0x000000008fc00000, 0x000000008fd00000|  0%| F|  |TAMS 0x000000008fc00000, 0x000000008fc00000| Untracked 
| 191|0x000000008fd00000, 0x000000008fd00000, 0x000000008fe00000|  0%| F|  |TAMS 0x000000008fd00000, 0x000000008fd00000| Untracked 
| 192|0x000000008fe00000, 0x000000008fe00000, 0x000000008ff00000|  0%| F|  |TAMS 0x000000008fe00000, 0x000000008fe00000| Untracked 
| 193|0x000000008ff00000, 0x000000008ff00000, 0x0000000090000000|  0%| F|  |TAMS 0x000000008ff00000, 0x000000008ff00000| Untracked 
| 194|0x0000000090000000, 0x0000000090000000, 0x0000000090100000|  0%| F|  |TAMS 0x0000000090000000, 0x0000000090000000| Untracked 
| 195|0x0000000090100000, 0x0000000090100000, 0x0000000090200000|  0%| F|  |TAMS 0x0000000090100000, 0x0000000090100000| Untracked 
| 196|0x0000000090200000, 0x0000000090200000, 0x0000000090300000|  0%| F|  |TAMS 0x0000000090200000, 0x0000000090200000| Untracked 
| 197|0x0000000090300000, 0x0000000090300000, 0x0000000090400000|  0%| F|  |TAMS 0x0000000090300000, 0x0000000090300000| Untracked 
| 198|0x0000000090400000, 0x0000000090400000, 0x0000000090500000|  0%| F|  |TAMS 0x0000000090400000, 0x0000000090400000| Untracked 
| 199|0x0000000090500000, 0x0000000090500000, 0x0000000090600000|  0%| F|  |TAMS 0x0000000090500000, 0x0000000090500000| Untracked 
| 200|0x0000000090600000, 0x0000000090600000, 0x0000000090700000|  0%| F|  |TAMS 0x0000000090600000, 0x0000000090600000| Untracked 
| 201|0x0000000090700000, 0x0000000090700000, 0x0000000090800000|  0%| F|  |TAMS 0x0000000090700000, 0x0000000090700000| Untracked 
| 202|0x0000000090800000, 0x0000000090800000, 0x0000000090900000|  0%| F|  |TAMS 0x0000000090800000, 0x0000000090800000| Untracked 
| 203|0x0000000090900000, 0x0000000090900000, 0x0000000090a00000|  0%| F|  |TAMS 0x0000000090900000, 0x0000000090900000| Untracked 
| 204|0x0000000090a00000, 0x0000000090a00000, 0x0000000090b00000|  0%| F|  |TAMS 0x0000000090a00000, 0x0000000090a00000| Untracked 
| 205|0x0000000090b00000, 0x0000000090b00000, 0x0000000090c00000|  0%| F|  |TAMS 0x0000000090b00000, 0x0000000090b00000| Untracked 
| 206|0x0000000090c00000, 0x0000000090c00000, 0x0000000090d00000|  0%| F|  |TAMS 0x0000000090c00000, 0x0000000090c00000| Untracked 
| 207|0x0000000090d00000, 0x0000000090d00000, 0x0000000090e00000|  0%| F|  |TAMS 0x0000000090d00000, 0x0000000090d00000| Untracked 
| 208|0x0000000090e00000, 0x0000000090e00000, 0x0000000090f00000|  0%| F|  |TAMS 0x0000000090e00000, 0x0000000090e00000| Untracked 
| 209|0x0000000090f00000, 0x0000000090f00000, 0x0000000091000000|  0%| F|  |TAMS 0x0000000090f00000, 0x0000000090f00000| Untracked 
| 210|0x0000000091000000, 0x0000000091000000, 0x0000000091100000|  0%| F|  |TAMS 0x0000000091000000, 0x0000000091000000| Untracked 
| 211|0x0000000091100000, 0x0000000091100000, 0x0000000091200000|  0%| F|  |TAMS 0x0000000091100000, 0x0000000091100000| Untracked 
| 212|0x0000000091200000, 0x0000000091200000, 0x0000000091300000|  0%| F|  |TAMS 0x0000000091200000, 0x0000000091200000| Untracked 
| 213|0x0000000091300000, 0x0000000091300000, 0x0000000091400000|  0%| F|  |TAMS 0x0000000091300000, 0x0000000091300000| Untracked 
| 214|0x0000000091400000, 0x0000000091400000, 0x0000000091500000|  0%| F|  |TAMS 0x0000000091400000, 0x0000000091400000| Untracked 
| 215|0x0000000091500000, 0x0000000091500000, 0x0000000091600000|  0%| F|  |TAMS 0x0000000091500000, 0x0000000091500000| Untracked 
| 216|0x0000000091600000, 0x0000000091600000, 0x0000000091700000|  0%| F|  |TAMS 0x0000000091600000, 0x0000000091600000| Untracked 
| 217|0x0000000091700000, 0x0000000091700000, 0x0000000091800000|  0%| F|  |TAMS 0x0000000091700000, 0x0000000091700000| Untracked 
| 218|0x0000000091800000, 0x0000000091800000, 0x0000000091900000|  0%| F|  |TAMS 0x0000000091800000, 0x0000000091800000| Untracked 
| 219|0x0000000091900000, 0x0000000091900000, 0x0000000091a00000|  0%| F|  |TAMS 0x0000000091900000, 0x0000000091900000| Untracked 
| 220|0x0000000091a00000, 0x0000000091a00000, 0x0000000091b00000|  0%| F|  |TAMS 0x0000000091a00000, 0x0000000091a00000| Untracked 
| 221|0x0000000091b00000, 0x0000000091b00000, 0x0000000091c00000|  0%| F|  |TAMS 0x0000000091b00000, 0x0000000091b00000| Untracked 
| 222|0x0000000091c00000, 0x0000000091d00000, 0x0000000091d00000|100%| E|  |TAMS 0x0000000091c00000, 0x0000000091c00000| Complete 
| 223|0x0000000091d00000, 0x0000000091e00000, 0x0000000091e00000|100%| E|CS|TAMS 0x0000000091d00000, 0x0000000091d00000| Complete 
| 224|0x0000000091e00000, 0x0000000091f00000, 0x0000000091f00000|100%| E|CS|TAMS 0x0000000091e00000, 0x0000000091e00000| Complete 
| 225|0x0000000091f00000, 0x0000000092000000, 0x0000000092000000|100%| E|CS|TAMS 0x0000000091f00000, 0x0000000091f00000| Complete 
| 226|0x0000000092000000, 0x0000000092100000, 0x0000000092100000|100%| E|CS|TAMS 0x0000000092000000, 0x0000000092000000| Complete 
| 227|0x0000000092100000, 0x0000000092200000, 0x0000000092200000|100%| E|CS|TAMS 0x0000000092100000, 0x0000000092100000| Complete 
| 228|0x0000000092200000, 0x0000000092300000, 0x0000000092300000|100%| E|CS|TAMS 0x0000000092200000, 0x0000000092200000| Complete 
| 229|0x0000000092300000, 0x0000000092400000, 0x0000000092400000|100%| E|CS|TAMS 0x0000000092300000, 0x0000000092300000| Complete 
| 230|0x0000000092400000, 0x0000000092500000, 0x0000000092500000|100%| E|CS|TAMS 0x0000000092400000, 0x0000000092400000| Complete 
| 231|0x0000000092500000, 0x0000000092600000, 0x0000000092600000|100%| E|CS|TAMS 0x0000000092500000, 0x0000000092500000| Complete 
| 369|0x000000009af00000, 0x000000009b000000, 0x000000009b000000|100%| E|CS|TAMS 0x000000009af00000, 0x000000009af00000| Complete 
|1985|0x00000000fff00000, 0x0000000100000000, 0x0000000100000000|100%| O|  |TAMS 0x0000000100000000, 0x00000000fff00000| Untracked 

Card table byte_map: [0x00000135f6080000,0x00000135f6470000] _byte_map_base: 0x00000135f5c61000

Marking Bits (Prev, Next): (CMBitMap*) 0x00000135de847010, (CMBitMap*) 0x00000135de847050
 Prev Bits: [0x00000135f6860000, 0x00000135f8768000)
 Next Bits: [0x00000135f8770000, 0x00000135fa678000)

Polling page: 0x00000135ddfa0000

Metaspace:

Usage:
  Non-class:     38.93 MB used.
      Class:      5.63 MB used.
       Both:     44.56 MB used.

Virtual space:
  Non-class space:       64.00 MB reserved,      39.19 MB ( 61%) committed,  1 nodes.
      Class space:        1.00 GB reserved,       5.88 MB ( <1%) committed,  1 nodes.
             Both:        1.06 GB reserved,      45.06 MB (  4%) committed. 

Chunk freelists:
   Non-Class:  290.00 KB
       Class:  2.13 MB
        Both:  2.41 MB

MaxMetaspaceSize: unlimited
CompressedClassSpaceSize: 1.00 GB
Initial GC threshold: 21.00 MB
Current GC threshold: 75.12 MB
CDS: on
MetaspaceReclaimPolicy: balanced
 - commit_granule_bytes: 65536.
 - commit_granule_words: 8192.
 - virtual_space_node_default_size: 8388608.
 - enlarge_chunks_in_place: 1.
 - new_chunks_are_fully_committed: 0.
 - uncommit_free_chunks: 1.
 - use_allocation_guard: 0.


Internal statistics:

num_allocs_failed_limit: 3.
num_arena_births: 782.
num_arena_deaths: 78.
num_vsnodes_births: 2.
num_vsnodes_deaths: 0.
num_space_committed: 721.
num_space_uncommitted: 0.
num_chunks_returned_to_freelist: 105.
num_chunks_taken_from_freelist: 2178.
num_chunk_merges: 28.
num_chunk_splits: 1484.
num_chunks_enlarged: 1113.
num_inconsistent_stats: 0.

CodeHeap 'non-profiled nmethods': size=120000Kb used=10691Kb max_used=11326Kb free=109308Kb
 bounds [0x00000135ee210000, 0x00000135eed20000, 0x00000135f5740000]
CodeHeap 'profiled nmethods': size=120000Kb used=22465Kb max_used=23201Kb free=97534Kb
 bounds [0x00000135e6740000, 0x00000135e7df0000, 0x00000135edc70000]
CodeHeap 'non-nmethods': size=5760Kb used=2297Kb max_used=2428Kb free=3462Kb
 bounds [0x00000135edc70000, 0x00000135edee0000, 0x00000135ee210000]
 total_blobs=11967 nmethods=10903 adapters=972
 compilation: enabled
              stopped_count=0, restarted_count=0
 full_count=0

Compilation events (20 events):
Event: 560.609 Thread 0x00000135fccb7270 13935       3       com.sun.webkit.network.Cookie::parseDomain (38 bytes)
Event: 560.611 Thread 0x00000135fccb7270 nmethod 13935 0x00000135e678ab10 code [0x00000135e678ad80, 0x00000135e678b688]
Event: 560.751 Thread 0x00000135fccb7270 13936       3       jdk.internal.net.http.hpack.ISO_8859_1$Writer::lambda$new$0 (11 bytes)
Event: 560.751 Thread 0x00000135fccb7270 nmethod 13936 0x00000135e6b3cc10 code [0x00000135e6b3cda0, 0x00000135e6b3ced8]
Event: 560.854 Thread 0x00000135fccb21c0 13937       4       jdk.internal.net.http.HttpRequestBuilderImpl::checkNameAndValue (84 bytes)
Event: 560.860 Thread 0x00000135fccb21c0 nmethod 13937 0x00000135ee47bc10 code [0x00000135ee47be40, 0x00000135ee47c690]
Event: 560.860 Thread 0x00000135fccb21c0 13938       4       jdk.internal.net.http.common.Utils$$Lambda$902/0x00000008013b76b8::test (16 bytes)
Event: 560.861 Thread 0x00000135fccb21c0 nmethod 13938 0x00000135ee96c710 code [0x00000135ee96c8c0, 0x00000135ee96cad8]
Event: 560.921 Thread 0x00000135fccb21c0 13939       4       jdk.internal.net.http.Http2Connection::encodeHeadersImpl (214 bytes)
Event: 560.967 Thread 0x00000135fccb21c0 nmethod 13939 0x00000135ee825490 code [0x00000135ee825820, 0x00000135ee8286f0]
Event: 561.078 Thread 0x00000135fccb7270 13940       3       java.net.URLStreamHandler::parseURL (1124 bytes)
Event: 561.089 Thread 0x00000135fccb7270 nmethod 13940 0x00000135e7b83490 code [0x00000135e7b84a60, 0x00000135e7b92428]
Event: 561.198 Thread 0x00000135fccb7270 13941       3       java.lang.ClassLoader::getSystemClassLoader (96 bytes)
Event: 561.199 Thread 0x00000135fccb7270 nmethod 13941 0x00000135e6c04c90 code [0x00000135e6c04e80, 0x00000135e6c05348]
Event: 562.138 Thread 0x00000135fccb21c0 13942       4       java.time.Instant::ofEpochSecond (31 bytes)
Event: 562.139 Thread 0x00000135fccb21c0 nmethod 13942 0x00000135ee47b590 code [0x00000135ee47b740, 0x00000135ee47b9f8]
Event: 562.238 Thread 0x00000135fccb21c0 13943       4       java.util.TreeMap$EntrySpliterator::forEachRemaining (143 bytes)
Event: 562.251 Thread 0x00000135fccb21c0 nmethod 13943 0x00000135eeb0be10 code [0x00000135eeb0bfe0, 0x00000135eeb0c5d8]
Event: 576.315 Thread 0x00000135fccb21c0 13944       4       jdk.internal.net.http.common.DebugLogger::levelEnabledFor (49 bytes)
Event: 576.360 Thread 0x00000135fccb21c0 nmethod 13944 0x00000135ee458d90 code [0x00000135ee458f40, 0x00000135ee459298]

GC Heap History (20 events):
Event: 60.825 GC heap before
{Heap before GC invocations=37 (full 0):
 garbage-first heap   total 239616K, used 76107K [0x0000000083e00000, 0x0000000100000000)
  region size 1024K, 11 young (11264K), 9 survivors (9216K)
 Metaspace       used 44427K, committed 44928K, reserved 1114112K
  class space    used 5737K, committed 5952K, reserved 1048576K
}
Event: 60.844 GC heap after
{Heap after GC invocations=38 (full 0):
 garbage-first heap   total 239616K, used 71405K [0x0000000083e00000, 0x0000000100000000)
  region size 1024K, 2 young (2048K), 2 survivors (2048K)
 Metaspace       used 44427K, committed 44928K, reserved 1114112K
  class space    used 5737K, committed 5952K, reserved 1048576K
}
Event: 62.130 GC heap before
{Heap before GC invocations=38 (full 0):
 garbage-first heap   total 239616K, used 205549K [0x0000000083e00000, 0x0000000100000000)
  region size 1024K, 134 young (137216K), 2 survivors (2048K)
 Metaspace       used 44438K, committed 44928K, reserved 1114112K
  class space    used 5737K, committed 5952K, reserved 1048576K
}
Event: 62.131 GC heap after
{Heap after GC invocations=39 (full 0):
 garbage-first heap   total 239616K, used 70522K [0x0000000083e00000, 0x0000000100000000)
  region size 1024K, 1 young (1024K), 1 survivors (1024K)
 Metaspace       used 44438K, committed 44928K, reserved 1114112K
  class space    used 5737K, committed 5952K, reserved 1048576K
}
Event: 67.969 GC heap before
{Heap before GC invocations=39 (full 0):
 garbage-first heap   total 239616K, used 206714K [0x0000000083e00000, 0x0000000100000000)
  region size 1024K, 135 young (138240K), 1 survivors (1024K)
 Metaspace       used 44455K, committed 44992K, reserved 1114112K
  class space    used 5740K, committed 5952K, reserved 1048576K
}
Event: 67.975 GC heap after
{Heap after GC invocations=40 (full 0):
 garbage-first heap   total 239616K, used 70490K [0x0000000083e00000, 0x0000000100000000)
  region size 1024K, 1 young (1024K), 1 survivors (1024K)
 Metaspace       used 44455K, committed 44992K, reserved 1114112K
  class space    used 5740K, committed 5952K, reserved 1048576K
}
Event: 75.362 GC heap before
{Heap before GC invocations=40 (full 0):
 garbage-first heap   total 239616K, used 95066K [0x0000000083e00000, 0x0000000100000000)
  region size 1024K, 26 young (26624K), 1 survivors (1024K)
 Metaspace       used 44549K, committed 45056K, reserved 1114112K
  class space    used 5740K, committed 5952K, reserved 1048576K
}
Event: 75.364 GC heap after
{Heap after GC invocations=41 (full 0):
 garbage-first heap   total 239616K, used 70753K [0x0000000083e00000, 0x0000000100000000)
  region size 1024K, 1 young (1024K), 1 survivors (1024K)
 Metaspace       used 44549K, committed 45056K, reserved 1114112K
  class space    used 5740K, committed 5952K, reserved 1048576K
}
Event: 93.859 GC heap before
{Heap before GC invocations=42 (full 0):
 garbage-first heap   total 239616K, used 113761K [0x0000000083e00000, 0x0000000100000000)
  region size 1024K, 45 young (46080K), 1 survivors (1024K)
 Metaspace       used 44761K, committed 45312K, reserved 1114112K
  class space    used 5751K, committed 6016K, reserved 1048576K
}
Event: 93.863 GC heap after
{Heap after GC invocations=43 (full 0):
 garbage-first heap   total 239616K, used 72134K [0x0000000083e00000, 0x0000000100000000)
  region size 1024K, 2 young (2048K), 2 survivors (2048K)
 Metaspace       used 44761K, committed 45312K, reserved 1114112K
  class space    used 5751K, committed 6016K, reserved 1048576K
}
Event: 108.157 GC heap before
{Heap before GC invocations=44 (full 0):
 garbage-first heap   total 239616K, used 108998K [0x0000000083e00000, 0x0000000100000000)
  region size 1024K, 40 young (40960K), 2 survivors (2048K)
 Metaspace       used 45086K, committed 45568K, reserved 1114112K
  class space    used 5767K, committed 6016K, reserved 1048576K
}
Event: 108.162 GC heap after
{Heap after GC invocations=45 (full 0):
 garbage-first heap   total 239616K, used 73375K [0x0000000083e00000, 0x0000000100000000)
  region size 1024K, 4 young (4096K), 4 survivors (4096K)
 Metaspace       used 45086K, committed 45568K, reserved 1114112K
  class space    used 5767K, committed 6016K, reserved 1048576K
}
Event: 122.838 GC heap before
{Heap before GC invocations=46 (full 0):
 garbage-first heap   total 239616K, used 145055K [0x0000000083e00000, 0x0000000100000000)
  region size 1024K, 75 young (76800K), 4 survivors (4096K)
 Metaspace       used 45156K, committed 45696K, reserved 1114112K
  class space    used 5768K, committed 6016K, reserved 1048576K
}
Event: 122.842 GC heap after
{Heap after GC invocations=47 (full 0):
 garbage-first heap   total 239616K, used 73099K [0x0000000083e00000, 0x0000000100000000)
  region size 1024K, 3 young (3072K), 3 survivors (3072K)
 Metaspace       used 45156K, committed 45696K, reserved 1114112K
  class space    used 5768K, committed 6016K, reserved 1048576K
}
Event: 180.264 GC heap before
{Heap before GC invocations=48 (full 0):
 garbage-first heap   total 239616K, used 132491K [0x0000000083e00000, 0x0000000100000000)
  region size 1024K, 63 young (64512K), 3 survivors (3072K)
 Metaspace       used 45404K, committed 45952K, reserved 1114112K
  class space    used 5769K, committed 6016K, reserved 1048576K
}
Event: 180.282 GC heap after
{Heap after GC invocations=49 (full 0):
 garbage-first heap   total 239616K, used 77395K [0x0000000083e00000, 0x0000000100000000)
  region size 1024K, 8 young (8192K), 8 survivors (8192K)
 Metaspace       used 45404K, committed 45952K, reserved 1114112K
  class space    used 5769K, committed 6016K, reserved 1048576K
}
Event: 348.828 GC heap before
{Heap before GC invocations=50 (full 0):
 garbage-first heap   total 239616K, used 175699K [0x0000000083e00000, 0x0000000100000000)
  region size 1024K, 101 young (103424K), 8 survivors (8192K)
 Metaspace       used 45561K, committed 46144K, reserved 1114112K
  class space    used 5769K, committed 6016K, reserved 1048576K
}
Event: 348.834 GC heap after
{Heap after GC invocations=51 (full 0):
 garbage-first heap   total 239616K, used 84200K [0x0000000083e00000, 0x0000000100000000)
  region size 1024K, 9 young (9216K), 9 survivors (9216K)
 Metaspace       used 45561K, committed 46144K, reserved 1114112K
  class space    used 5769K, committed 6016K, reserved 1048576K
}
Event: 545.979 GC heap before
{Heap before GC invocations=52 (full 0):
 garbage-first heap   total 239616K, used 144616K [0x0000000083e00000, 0x0000000100000000)
  region size 1024K, 72 young (73728K), 9 survivors (9216K)
 Metaspace       used 45619K, committed 46144K, reserved 1114112K
  class space    used 5770K, committed 6016K, reserved 1048576K
}
Event: 546.025 GC heap after
{Heap after GC invocations=53 (full 0):
 garbage-first heap   total 239616K, used 82554K [0x0000000083e00000, 0x0000000100000000)
  region size 1024K, 8 young (8192K), 8 survivors (8192K)
 Metaspace       used 45619K, committed 46144K, reserved 1114112K
  class space    used 5770K, committed 6016K, reserved 1048576K
}

Dll operation events (20 events):
Event: 0.566 Loaded shared library C:\Users\nguem\.openjfx\cache\19+11\amd64\api-ms-win-crt-string-l1-1-0.dll
Event: 0.568 Loaded shared library C:\Users\nguem\.openjfx\cache\19+11\amd64\api-ms-win-crt-time-l1-1-0.dll
Event: 0.570 Loaded shared library C:\Users\nguem\.openjfx\cache\19+11\amd64\api-ms-win-crt-utility-l1-1-0.dll
Event: 0.584 Loaded shared library C:\Users\nguem\.openjfx\cache\19+11\amd64\ucrtbase.dll
Event: 0.587 Loaded shared library C:\Users\nguem\.openjfx\cache\19+11\amd64\vcruntime140.dll
Event: 0.589 Loaded shared library C:\Users\nguem\.openjfx\cache\19+11\amd64\vcruntime140_1.dll
Event: 0.596 Loaded shared library C:\Users\nguem\.openjfx\cache\19+11\amd64\msvcp140.dll
Event: 0.599 Loaded shared library C:\Users\nguem\.openjfx\cache\19+11\amd64\msvcp140_1.dll
Event: 0.604 Loaded shared library C:\Users\nguem\.openjfx\cache\19+11\amd64\msvcp140_2.dll
Event: 0.632 Loaded shared library C:\Users\nguem\.openjfx\cache\19+11\amd64\prism_d3d.dll
Event: 0.663 Loaded shared library C:\Users\nguem\.openjfx\cache\19+11\amd64\glass.dll
Event: 0.747 Loaded shared library C:\Program Files\Java\jdk-19\bin\jimage.dll
Event: 0.958 Loaded shared library C:\Program Files\Java\jdk-19\bin\sunmscapi.dll
Event: 1.333 Loaded shared library C:\Users\nguem\.openjfx\cache\19+11\amd64\javafx_font.dll
Event: 7.622 Loaded shared library C:\Users\nguem\.openjfx\cache\19+11\amd64\jfxwebkit.dll
Event: 10.348 Loaded shared library C:\Users\nguem\.openjfx\cache\19+11\amd64\javafx_iio.dll
Event: 11.735 Loaded shared library C:\Users\nguem\.openjfx\cache\19+11\amd64\glib-lite.dll
Event: 11.757 Loaded shared library C:\Users\nguem\.openjfx\cache\19+11\amd64\gstreamer-lite.dll
Event: 11.769 Loaded shared library C:\Users\nguem\.openjfx\cache\19+11\amd64\jfxmedia.dll
Event: 16.078 Loaded shared library C:\Program Files\Java\jdk-19\bin\awt.dll

Deoptimization events (20 events):
Event: 560.728 Thread 0x00000135d0ba5d40 DEOPT PACKING pc=0x00000135e7ae852c sp=0x0000001fbd9fea00
Event: 560.728 Thread 0x00000135d0ba5d40 DEOPT UNPACKING pc=0x00000135edcd8243 sp=0x0000001fbd9fdeb8 mode 1
Event: 560.870 Thread 0x00000135ff8de9d0 DEOPT PACKING pc=0x00000135e677c554 sp=0x0000001fbb9fea30
Event: 560.870 Thread 0x00000135ff8de9d0 DEOPT UNPACKING pc=0x00000135edcd8243 sp=0x0000001fbb9fdf50 mode 1
Event: 560.870 Thread 0x00000135ff8de9d0 DEOPT PACKING pc=0x00000135e7ae852c sp=0x0000001fbb9feb00
Event: 560.870 Thread 0x00000135ff8de9d0 DEOPT UNPACKING pc=0x00000135edcd8243 sp=0x0000001fbb9fdfb8 mode 1
Event: 561.009 Thread 0x00000135fdd14e20 DEOPT PACKING pc=0x00000135e79c5a1c sp=0x0000001fb97f9710
Event: 561.009 Thread 0x00000135fdd14e20 DEOPT UNPACKING pc=0x00000135edcd8243 sp=0x0000001fb97f8cd8 mode 1
Event: 561.028 Thread 0x00000135d0ba5d40 DEOPT PACKING pc=0x00000135e677c554 sp=0x0000001fbd9fe930
Event: 561.028 Thread 0x00000135d0ba5d40 DEOPT UNPACKING pc=0x00000135edcd8243 sp=0x0000001fbd9fde50 mode 1
Event: 561.028 Thread 0x00000135d0ba5d40 DEOPT PACKING pc=0x00000135e7ae852c sp=0x0000001fbd9fea00
Event: 561.028 Thread 0x00000135d0ba5d40 DEOPT UNPACKING pc=0x00000135edcd8243 sp=0x0000001fbd9fdeb8 mode 1
Event: 561.078 Thread 0x00000135fdd14e20 DEOPT PACKING pc=0x00000135e79c5a1c sp=0x0000001fb97fa7d0
Event: 561.078 Thread 0x00000135fdd14e20 DEOPT UNPACKING pc=0x00000135edcd8243 sp=0x0000001fb97f9d98 mode 1
Event: 561.176 Thread 0x00000135fdd14e20 DEOPT PACKING pc=0x00000135e79c5a1c sp=0x0000001fb97fa7c0
Event: 561.176 Thread 0x00000135fdd14e20 DEOPT UNPACKING pc=0x00000135edcd8243 sp=0x0000001fb97f9d88 mode 1
Event: 562.238 Thread 0x00000135d0ba5d40 Uncommon trap: trap_request=0xffffff45 fr.pc=0x00000135ee61a91c relative=0x000000000000079c
Event: 562.238 Thread 0x00000135d0ba5d40 Uncommon trap: reason=unstable_if action=reinterpret pc=0x00000135ee61a91c method=java.util.concurrent.ForkJoinPool.scan(Ljava/util/concurrent/ForkJoinPool$WorkQueue;II)I @ 191 c2
Event: 562.238 Thread 0x00000135d0ba5d40 DEOPT PACKING pc=0x00000135ee61a91c sp=0x0000001fbd9ff100
Event: 562.238 Thread 0x00000135d0ba5d40 DEOPT UNPACKING pc=0x00000135edcd7aa3 sp=0x0000001fbd9ff0d0 mode 2

Classes loaded (20 events):
Event: 93.883 Loading class java/util/Currency$1
Event: 93.884 Loading class java/util/Currency$1 done
Event: 93.885 Loading class java/util/Currency$SpecialCaseEntry
Event: 93.885 Loading class java/util/Currency$SpecialCaseEntry done
Event: 93.886 Loading class java/util/Currency$OtherCurrencyEntry
Event: 93.886 Loading class java/util/Currency$OtherCurrencyEntry done
Event: 93.886 Loading class java/util/Currency$CurrencyNameGetter
Event: 93.887 Loading class java/util/Currency$CurrencyNameGetter done
Event: 93.887 Loading class sun/util/locale/provider/CurrencyNameProviderImpl
Event: 93.887 Loading class sun/util/locale/provider/CurrencyNameProviderImpl done
Event: 93.908 Loading class sun/util/resources/cldr/CurrencyNames
Event: 93.908 Loading class sun/util/resources/cldr/CurrencyNames done
Event: 93.909 Loading class sun/util/resources/cldr/CurrencyNames_en
Event: 93.910 Loading class sun/util/resources/cldr/CurrencyNames_en done
Event: 93.911 Loading class sun/util/resources/cldr/CurrencyNames_en_US
Event: 93.911 Loading class sun/util/resources/cldr/CurrencyNames_en_US done
Event: 93.912 Loading class java/math/BigDecimal$StringBuilderHelper
Event: 93.913 Loading class java/math/BigDecimal$StringBuilderHelper done
Event: 93.913 Loading class java/text/DigitList$1
Event: 93.914 Loading class java/text/DigitList$1 done

Classes unloaded (20 events):
Event: 9.718 Thread 0x00000135fcc867e0 Unloading class 0x000000080137d400 'java/lang/invoke/LambdaForm$MH+0x000000080137d400'
Event: 9.718 Thread 0x00000135fcc867e0 Unloading class 0x000000080137cc00 'java/lang/invoke/LambdaForm$MH+0x000000080137cc00'
Event: 9.718 Thread 0x00000135fcc867e0 Unloading class 0x000000080137c400 'java/lang/invoke/LambdaForm$MH+0x000000080137c400'
Event: 9.718 Thread 0x00000135fcc867e0 Unloading class 0x000000080137c000 'java/lang/invoke/LambdaForm$MH+0x000000080137c000'
Event: 9.718 Thread 0x00000135fcc867e0 Unloading class 0x000000080137b800 'java/lang/invoke/LambdaForm$MH+0x000000080137b800'
Event: 9.718 Thread 0x00000135fcc867e0 Unloading class 0x000000080137b400 'java/lang/invoke/LambdaForm$MH+0x000000080137b400'
Event: 9.718 Thread 0x00000135fcc867e0 Unloading class 0x000000080137ac00 'java/lang/invoke/LambdaForm$MH+0x000000080137ac00'
Event: 9.718 Thread 0x00000135fcc867e0 Unloading class 0x000000080137a800 'java/lang/invoke/LambdaForm$MH+0x000000080137a800'
Event: 9.718 Thread 0x00000135fcc867e0 Unloading class 0x000000080137a000 'java/lang/invoke/LambdaForm$DMH+0x000000080137a000'
Event: 9.718 Thread 0x00000135fcc867e0 Unloading class 0x0000000801379400 'java/lang/invoke/LambdaForm$MH+0x0000000801379400'
Event: 9.718 Thread 0x00000135fcc867e0 Unloading class 0x0000000801379000 'java/lang/invoke/LambdaForm$MH+0x0000000801379000'
Event: 9.718 Thread 0x00000135fcc867e0 Unloading class 0x0000000801378400 'java/lang/invoke/LambdaForm$MH+0x0000000801378400'
Event: 13.732 Thread 0x00000135fcc867e0 Unloading class 0x0000000801529400 'java/lang/invoke/LambdaForm$MH+0x0000000801529400'
Event: 13.732 Thread 0x00000135fcc867e0 Unloading class 0x0000000801529000 'java/lang/invoke/LambdaForm$MH+0x0000000801529000'
Event: 13.732 Thread 0x00000135fcc867e0 Unloading class 0x0000000801528400 'java/lang/invoke/LambdaForm$DMH+0x0000000801528400'
Event: 13.732 Thread 0x00000135fcc867e0 Unloading class 0x0000000801527c00 'java/lang/invoke/LambdaForm$DMH+0x0000000801527c00'
Event: 13.732 Thread 0x00000135fcc867e0 Unloading class 0x0000000801527400 'java/lang/invoke/LambdaForm$DMH+0x0000000801527400'
Event: 13.732 Thread 0x00000135fcc867e0 Unloading class 0x0000000801527000 'java/lang/invoke/LambdaForm$DMH+0x0000000801527000'
Event: 13.732 Thread 0x00000135fcc867e0 Unloading class 0x0000000801526000 'java/lang/invoke/LambdaForm$DMH+0x0000000801526000'
Event: 13.732 Thread 0x00000135fcc867e0 Unloading class 0x0000000801525c00 'java/lang/invoke/LambdaForm$DMH+0x0000000801525c00'

Classes redefined (0 events):
No events

Internal exceptions (20 events):
Event: 379.507 Thread 0x00000135fdd14e20 Exception <a 'java/lang/ClassNotFoundException'{0x0000000091b52e28}: sun/net/www/protocol/about/Handler> (0x0000000091b52e28) 
thrown [s\open\src\hotspot\share\classfile\systemDictionary.cpp, line 255]
Event: 379.621 Thread 0x00000135fdd14e20 Exception <a 'java/lang/ClassNotFoundException'{0x0000000091a85768}: sun/net/www/protocol/about/Handler> (0x0000000091a85768) 
thrown [s\open\src\hotspot\share\classfile\systemDictionary.cpp, line 255]
Event: 409.626 Thread 0x00000135fdd14e20 Exception <a 'java/lang/ClassNotFoundException'{0x0000000091219cb0}: sun/net/www/protocol/about/Handler> (0x0000000091219cb0) 
thrown [s\open\src\hotspot\share\classfile\systemDictionary.cpp, line 255]
Event: 409.701 Thread 0x00000135fdd14e20 Exception <a 'java/lang/ClassNotFoundException'{0x0000000091271870}: sun/net/www/protocol/about/Handler> (0x0000000091271870) 
thrown [s\open\src\hotspot\share\classfile\systemDictionary.cpp, line 255]
Event: 409.881 Thread 0x00000135fdd14e20 Exception <a 'java/lang/ClassNotFoundException'{0x00000000911946e0}: sun/net/www/protocol/about/Handler> (0x00000000911946e0) 
thrown [s\open\src\hotspot\share\classfile\systemDictionary.cpp, line 255]
Event: 440.185 Thread 0x00000135fdd14e20 Exception <a 'java/lang/ClassNotFoundException'{0x0000000090acbd48}: sun/net/www/protocol/about/Handler> (0x0000000090acbd48) 
thrown [s\open\src\hotspot\share\classfile\systemDictionary.cpp, line 255]
Event: 440.227 Thread 0x00000135fdd14e20 Exception <a 'java/lang/ClassNotFoundException'{0x0000000090830678}: sun/net/www/protocol/about/Handler> (0x0000000090830678) 
thrown [s\open\src\hotspot\share\classfile\systemDictionary.cpp, line 255]
Event: 440.538 Thread 0x00000135fdd14e20 Exception <a 'java/lang/ClassNotFoundException'{0x000000009070b070}: sun/net/www/protocol/about/Handler> (0x000000009070b070) 
thrown [s\open\src\hotspot\share\classfile\systemDictionary.cpp, line 255]
Event: 470.322 Thread 0x00000135fdd14e20 Exception <a 'java/lang/ClassNotFoundException'{0x00000000901611e8}: sun/net/www/protocol/about/Handler> (0x00000000901611e8) 
thrown [s\open\src\hotspot\share\classfile\systemDictionary.cpp, line 255]
Event: 470.392 Thread 0x00000135fdd14e20 Exception <a 'java/lang/ClassNotFoundException'{0x00000000901b6098}: sun/net/www/protocol/about/Handler> (0x00000000901b6098) 
thrown [s\open\src\hotspot\share\classfile\systemDictionary.cpp, line 255]
Event: 470.510 Thread 0x00000135fdd14e20 Exception <a 'java/lang/ClassNotFoundException'{0x000000008fe29c18}: sun/net/www/protocol/about/Handler> (0x000000008fe29c18) 
thrown [s\open\src\hotspot\share\classfile\systemDictionary.cpp, line 255]
Event: 500.654 Thread 0x00000135fdd14e20 Exception <a 'java/lang/ClassNotFoundException'{0x000000008f85cb50}: sun/net/www/protocol/about/Handler> (0x000000008f85cb50) 
thrown [s\open\src\hotspot\share\classfile\systemDictionary.cpp, line 255]
Event: 500.736 Thread 0x00000135fdd14e20 Exception <a 'java/lang/ClassNotFoundException'{0x000000008f7c7780}: sun/net/www/protocol/about/Handler> (0x000000008f7c7780) 
thrown [s\open\src\hotspot\share\classfile\systemDictionary.cpp, line 255]
Event: 500.893 Thread 0x00000135fdd14e20 Exception <a 'java/lang/ClassNotFoundException'{0x000000008f6c27f8}: sun/net/www/protocol/about/Handler> (0x000000008f6c27f8) 
thrown [s\open\src\hotspot\share\classfile\systemDictionary.cpp, line 255]
Event: 530.788 Thread 0x00000135fdd14e20 Exception <a 'java/lang/ClassNotFoundException'{0x000000008ef91070}: sun/net/www/protocol/about/Handler> (0x000000008ef91070) 
thrown [s\open\src\hotspot\share\classfile\systemDictionary.cpp, line 255]
Event: 530.856 Thread 0x00000135fdd14e20 Exception <a 'java/lang/ClassNotFoundException'{0x000000008efbf598}: sun/net/www/protocol/about/Handler> (0x000000008efbf598) 
thrown [s\open\src\hotspot\share\classfile\systemDictionary.cpp, line 255]
Event: 530.963 Thread 0x00000135fdd14e20 Exception <a 'java/lang/ClassNotFoundException'{0x000000008edcfb48}: sun/net/www/protocol/about/Handler> (0x000000008edcfb48) 
thrown [s\open\src\hotspot\share\classfile\systemDictionary.cpp, line 255]
Event: 561.009 Thread 0x00000135fdd14e20 Exception <a 'java/lang/ClassNotFoundException'{0x00000000924f7118}: sun/net/www/protocol/about/Handler> (0x00000000924f7118) 
thrown [s\open\src\hotspot\share\classfile\systemDictionary.cpp, line 255]
Event: 561.078 Thread 0x00000135fdd14e20 Exception <a 'java/lang/ClassNotFoundException'{0x00000000923a8e48}: sun/net/www/protocol/about/Handler> (0x00000000923a8e48) 
thrown [s\open\src\hotspot\share\classfile\systemDictionary.cpp, line 255]
Event: 561.176 Thread 0x00000135fdd14e20 Exception <a 'java/lang/ClassNotFoundException'{0x00000000922ff868}: sun/net/www/protocol/about/Handler> (0x00000000922ff868) 
thrown [s\open\src\hotspot\share\classfile\systemDictionary.cpp, line 255]

VM Operations (20 events):
Event: 470.809 Executing VM operation: Cleanup
Event: 470.809 Executing VM operation: Cleanup done
Event: 501.066 Executing VM operation: Cleanup
Event: 501.066 Executing VM operation: Cleanup done
Event: 531.334 Executing VM operation: Cleanup
Event: 531.334 Executing VM operation: Cleanup done
Event: 545.979 Executing VM operation: G1TryInitiateConcMark
Event: 546.025 Executing VM operation: G1TryInitiateConcMark done
Event: 546.025 Executing VM operation: Cleanup
Event: 546.026 Executing VM operation: Cleanup done
Event: 546.026 Executing VM operation: HandshakeAllThreads
Event: 546.026 Executing VM operation: HandshakeAllThreads done
Event: 546.054 Executing VM operation: G1PauseRemark
Event: 546.059 Executing VM operation: G1PauseRemark done
Event: 546.071 Executing VM operation: G1PauseCleanup
Event: 546.072 Executing VM operation: G1PauseCleanup done
Event: 561.197 Executing VM operation: Cleanup
Event: 561.198 Executing VM operation: Cleanup done
Event: 566.221 Executing VM operation: Cleanup
Event: 566.221 Executing VM operation: Cleanup done

Events (20 events):
Event: 546.041 Thread 0x00000135fccbc820 flushing nmethod 0x00000135e7ad1a90
Event: 546.041 Thread 0x00000135fccbc820 flushing nmethod 0x00000135e7af8e10
Event: 546.041 Thread 0x00000135fccbc820 flushing nmethod 0x00000135e7afdd90
Event: 546.041 Thread 0x00000135fccbc820 flushing nmethod 0x00000135e7b1dd90
Event: 546.041 Thread 0x00000135fccbc820 flushing nmethod 0x00000135e7b1ec10
Event: 546.041 Thread 0x00000135fccbc820 flushing nmethod 0x00000135e7b29890
Event: 546.041 Thread 0x00000135fccbc820 flushing nmethod 0x00000135e7bb0010
Event: 546.041 Thread 0x00000135fccbc820 flushing nmethod 0x00000135e7bdf710
Event: 546.042 Thread 0x00000135fccbc820 flushing nmethod 0x00000135e7cb3210
Event: 551.915 Thread 0x0000013600f51520 Thread added: 0x0000013600f51520
Event: 551.915 Thread 0x0000013600f51520 Thread exited: 0x0000013600f51520
Event: 561.198 Thread 0x00000135cf0e0020 Thread added: 0x00000135cf0e0020
Event: 561.199 Thread 0x00000135db93abc0 Thread added: 0x00000135db93abc0
Event: 562.040 Thread 0x00000135db938be0 Thread added: 0x00000135db938be0
Event: 562.040 Thread 0x00000135db938be0 Thread exited: 0x00000135db938be0
Event: 572.067 Thread 0x00000135da1735a0 Thread added: 0x00000135da1735a0
Event: 572.067 Thread 0x00000135da1735a0 Thread exited: 0x00000135da1735a0
Event: 582.134 Thread 0x0000013608a37910 Thread added: 0x0000013608a37910
Event: 582.134 Thread 0x0000013608a37910 Thread exited: 0x0000013608a37910
Event: 587.882 Thread 0x00000135fd8a4de0 Thread exited: 0x00000135fd8a4de0


Dynamic libraries:
0x00007ff620d20000 - 0x00007ff620d30000 	C:\Program Files\Java\jdk-19\bin\java.exe
0x00007fff12770000 - 0x00007fff12984000 	C:\Windows\SYSTEM32\ntdll.dll
0x00007fff10df0000 - 0x00007fff10eb3000 	C:\Windows\System32\KERNEL32.DLL
0x00007fff0fe90000 - 0x00007fff1022d000 	C:\Windows\System32\KERNELBASE.dll
0x00007fff103d0000 - 0x00007fff104e1000 	C:\Windows\System32\ucrtbase.dll
0x00007ffeee5f0000 - 0x00007ffeee608000 	C:\Program Files\Java\jdk-19\bin\jli.dll
0x00007ffeee490000 - 0x00007ffeee4ab000 	C:\Program Files\Java\jdk-19\bin\VCRUNTIME140.dll
0x00007fff10560000 - 0x00007fff1060e000 	C:\Windows\System32\ADVAPI32.dll
0x00007fff11910000 - 0x00007fff119b7000 	C:\Windows\System32\msvcrt.dll
0x00007fff11dc0000 - 0x00007fff11e64000 	C:\Windows\System32\sechost.dll
0x00007fff116d0000 - 0x00007fff117e5000 	C:\Windows\System32\RPCRT4.dll
0x00007fff108b0000 - 0x00007fff10a5d000 	C:\Windows\System32\USER32.dll
0x00007fff103a0000 - 0x00007fff103c6000 	C:\Windows\System32\win32u.dll
0x00007ffef5860000 - 0x00007ffef5aee000 	C:\Windows\WinSxS\amd64_microsoft.windows.common-controls_6595b64144ccf1df_6.0.22621.608_none_a9444ca7c10bb01d\COMCTL32.dll
0x00007fff10ab0000 - 0x00007fff10ad9000 	C:\Windows\System32\GDI32.dll
0x00007fff0fcf0000 - 0x00007fff0fe02000 	C:\Windows\System32\gdi32full.dll
0x00007fff0fc50000 - 0x00007fff0fcea000 	C:\Windows\System32\msvcp_win.dll
0x00007fff08ed0000 - 0x00007fff08eda000 	C:\Windows\SYSTEM32\VERSION.dll
0x00007fff12200000 - 0x00007fff12232000 	C:\Windows\System32\IMM32.DLL
0x00007ffef9e70000 - 0x00007ffef9e7c000 	C:\Program Files\Java\jdk-19\bin\vcruntime140_1.dll
0x00007ffeb3310000 - 0x00007ffeb339e000 	C:\Program Files\Java\jdk-19\bin\msvcp140.dll
0x00007ffe7e3f0000 - 0x00007ffe7f0b0000 	C:\Program Files\Java\jdk-19\bin\server\jvm.dll
0x00007fff08ad0000 - 0x00007fff08b04000 	C:\Windows\SYSTEM32\WINMM.dll
0x00007ffefd2a0000 - 0x00007ffefd2a9000 	C:\Windows\SYSTEM32\WSOCK32.dll
0x00007fff12040000 - 0x00007fff120b1000 	C:\Windows\System32\WS2_32.dll
0x00007fff0ec90000 - 0x00007fff0eca8000 	C:\Windows\SYSTEM32\kernel.appcore.dll
0x00007ffef9dc0000 - 0x00007ffef9dca000 	C:\Program Files\Java\jdk-19\bin\jimage.dll
0x00007fff0d7d0000 - 0x00007fff0d9fe000 	C:\Windows\SYSTEM32\DBGHELP.DLL
0x00007fff11a30000 - 0x00007fff11dba000 	C:\Windows\System32\combase.dll
0x00007fff10c80000 - 0x00007fff10d57000 	C:\Windows\System32\OLEAUT32.dll
0x00007fff06140000 - 0x00007fff06172000 	C:\Windows\SYSTEM32\dbgcore.DLL
0x00007fff0fe10000 - 0x00007fff0fe8b000 	C:\Windows\System32\bcryptPrimitives.dll
0x00007ffecf260000 - 0x00007ffecf29c000 	C:\Program Files\Java\jdk-19\bin\jdwp.dll
0x00007ffed04f0000 - 0x00007ffed0516000 	C:\Program Files\Java\jdk-19\bin\java.dll
0x00007ffe960e0000 - 0x00007ffe961b7000 	C:\Program Files\Java\jdk-19\bin\jsvml.dll
0x00007fff10ec0000 - 0x00007fff116af000 	C:\Windows\System32\SHELL32.dll
0x00007fff0db70000 - 0x00007fff0e438000 	C:\Windows\SYSTEM32\windows.storage.dll
0x00007fff0da30000 - 0x00007fff0db6e000 	C:\Windows\SYSTEM32\wintypes.dll
0x00007fff10610000 - 0x00007fff10701000 	C:\Windows\System32\SHCORE.dll
0x00007fff12250000 - 0x00007fff122ae000 	C:\Windows\System32\shlwapi.dll
0x00007fff0fac0000 - 0x00007fff0fae1000 	C:\Windows\SYSTEM32\profapi.dll
0x00007ffeeda80000 - 0x00007ffeeda93000 	C:\Program Files\Java\jdk-19\bin\net.dll
0x00007fff093b0000 - 0x00007fff094df000 	C:\Windows\SYSTEM32\WINHTTP.dll
0x00007fff0f0f0000 - 0x00007fff0f159000 	C:\Windows\system32\mswsock.dll
0x00007ffeed940000 - 0x00007ffeed956000 	C:\Program Files\Java\jdk-19\bin\nio.dll
0x00007ffeed440000 - 0x00007ffeed458000 	C:\Program Files\Java\jdk-19\bin\zip.dll
0x00007ffef9cf0000 - 0x00007ffef9cfc000 	C:\Program Files\Java\jdk-19\bin\dt_socket.dll
0x00007fff0e700000 - 0x00007fff0e72d000 	C:\Windows\SYSTEM32\IPHLPAPI.DLL
0x00007fff0e770000 - 0x00007fff0e862000 	C:\Windows\SYSTEM32\DNSAPI.dll
0x00007fff12030000 - 0x00007fff12039000 	C:\Windows\System32\NSI.dll
0x0000000065b10000 - 0x0000000065b36000 	C:\Program Files\Bonjour\mdnsNSP.dll
0x00007fff05e00000 - 0x00007fff05e0a000 	C:\Windows\System32\rasadhlp.dll
0x00007fff08660000 - 0x00007fff086e3000 	C:\Windows\System32\fwpuclnt.dll
0x00000135fe1a0000 - 0x00000135fe1a3000 	C:\Users\nguem\.openjfx\cache\19+11\amd64\api-ms-win-core-console-l1-1-0.dll
0x00000135fe1b0000 - 0x00000135fe1b3000 	C:\Users\nguem\.openjfx\cache\19+11\amd64\api-ms-win-core-console-l1-2-0.dll
0x00000135fe1c0000 - 0x00000135fe1c3000 	C:\Users\nguem\.openjfx\cache\19+11\amd64\api-ms-win-core-datetime-l1-1-0.dll
0x00000135fe1d0000 - 0x00000135fe1d3000 	C:\Users\nguem\.openjfx\cache\19+11\amd64\api-ms-win-core-debug-l1-1-0.dll
0x00000135fe1e0000 - 0x00000135fe1e3000 	C:\Users\nguem\.openjfx\cache\19+11\amd64\api-ms-win-core-errorhandling-l1-1-0.dll
0x00000135fe540000 - 0x00000135fe544000 	C:\Users\nguem\.openjfx\cache\19+11\amd64\api-ms-win-core-file-l1-1-0.dll
0x00000135fe550000 - 0x00000135fe553000 	C:\Users\nguem\.openjfx\cache\19+11\amd64\api-ms-win-core-file-l1-2-0.dll
0x00000135fe560000 - 0x00000135fe563000 	C:\Users\nguem\.openjfx\cache\19+11\amd64\api-ms-win-core-file-l2-1-0.dll
0x00000135fe570000 - 0x00000135fe573000 	C:\Users\nguem\.openjfx\cache\19+11\amd64\api-ms-win-core-handle-l1-1-0.dll
0x00000135fe580000 - 0x00000135fe583000 	C:\Users\nguem\.openjfx\cache\19+11\amd64\api-ms-win-core-heap-l1-1-0.dll
0x00000135fe590000 - 0x00000135fe593000 	C:\Users\nguem\.openjfx\cache\19+11\amd64\api-ms-win-core-interlocked-l1-1-0.dll
0x00000135fe5a0000 - 0x00000135fe5a3000 	C:\Users\nguem\.openjfx\cache\19+11\amd64\api-ms-win-core-libraryloader-l1-1-0.dll
0x00000135fe5b0000 - 0x00000135fe5b3000 	C:\Users\nguem\.openjfx\cache\19+11\amd64\api-ms-win-core-localization-l1-2-0.dll
0x00000135fe5c0000 - 0x00000135fe5c3000 	C:\Users\nguem\.openjfx\cache\19+11\amd64\api-ms-win-core-memory-l1-1-0.dll
0x00000135fe5d0000 - 0x00000135fe5d3000 	C:\Users\nguem\.openjfx\cache\19+11\amd64\api-ms-win-core-namedpipe-l1-1-0.dll
0x00000135fe5e0000 - 0x00000135fe5e3000 	C:\Users\nguem\.openjfx\cache\19+11\amd64\api-ms-win-core-processenvironment-l1-1-0.dll
0x00000135fe5f0000 - 0x00000135fe5f3000 	C:\Users\nguem\.openjfx\cache\19+11\amd64\api-ms-win-core-processthreads-l1-1-0.dll
0x00000135fe600000 - 0x00000135fe603000 	C:\Users\nguem\.openjfx\cache\19+11\amd64\api-ms-win-core-processthreads-l1-1-1.dll
0x00000135fe610000 - 0x00000135fe613000 	C:\Users\nguem\.openjfx\cache\19+11\amd64\api-ms-win-core-profile-l1-1-0.dll
0x00000135fe620000 - 0x00000135fe623000 	C:\Users\nguem\.openjfx\cache\19+11\amd64\api-ms-win-core-rtlsupport-l1-1-0.dll
0x00000135fe630000 - 0x00000135fe633000 	C:\Users\nguem\.openjfx\cache\19+11\amd64\api-ms-win-core-string-l1-1-0.dll
0x00000135fe640000 - 0x00000135fe643000 	C:\Users\nguem\.openjfx\cache\19+11\amd64\api-ms-win-core-synch-l1-1-0.dll
0x00000135fe650000 - 0x00000135fe653000 	C:\Users\nguem\.openjfx\cache\19+11\amd64\api-ms-win-core-synch-l1-2-0.dll
0x00000135fe660000 - 0x00000135fe663000 	C:\Users\nguem\.openjfx\cache\19+11\amd64\api-ms-win-core-sysinfo-l1-1-0.dll
0x00000135fe670000 - 0x00000135fe673000 	C:\Users\nguem\.openjfx\cache\19+11\amd64\api-ms-win-core-timezone-l1-1-0.dll
0x00000135fe680000 - 0x00000135fe683000 	C:\Users\nguem\.openjfx\cache\19+11\amd64\api-ms-win-core-util-l1-1-0.dll
0x00000135fe690000 - 0x00000135fe693000 	C:\Users\nguem\.openjfx\cache\19+11\amd64\api-ms-win-crt-conio-l1-1-0.dll
0x00000135fe6a0000 - 0x00000135fe6a4000 	C:\Users\nguem\.openjfx\cache\19+11\amd64\api-ms-win-crt-convert-l1-1-0.dll
0x00000135fe6b0000 - 0x00000135fe6b3000 	C:\Users\nguem\.openjfx\cache\19+11\amd64\api-ms-win-crt-environment-l1-1-0.dll
0x00000135fe6c0000 - 0x00000135fe6c3000 	C:\Users\nguem\.openjfx\cache\19+11\amd64\api-ms-win-crt-filesystem-l1-1-0.dll
0x00000135fe6d0000 - 0x00000135fe6d3000 	C:\Users\nguem\.openjfx\cache\19+11\amd64\api-ms-win-crt-heap-l1-1-0.dll
0x00000135fe6e0000 - 0x00000135fe6e3000 	C:\Users\nguem\.openjfx\cache\19+11\amd64\api-ms-win-crt-locale-l1-1-0.dll
0x00000135fe6f0000 - 0x00000135fe6f5000 	C:\Users\nguem\.openjfx\cache\19+11\amd64\api-ms-win-crt-math-l1-1-0.dll
0x00000135fe700000 - 0x00000135fe705000 	C:\Users\nguem\.openjfx\cache\19+11\amd64\api-ms-win-crt-multibyte-l1-1-0.dll
0x00000135fe710000 - 0x00000135fe720000 	C:\Users\nguem\.openjfx\cache\19+11\amd64\api-ms-win-crt-private-l1-1-0.dll
0x00000135fe720000 - 0x00000135fe723000 	C:\Users\nguem\.openjfx\cache\19+11\amd64\api-ms-win-crt-process-l1-1-0.dll
0x00000135fe730000 - 0x00000135fe734000 	C:\Users\nguem\.openjfx\cache\19+11\amd64\api-ms-win-crt-runtime-l1-1-0.dll
0x00000135fe740000 - 0x00000135fe744000 	C:\Users\nguem\.openjfx\cache\19+11\amd64\api-ms-win-crt-stdio-l1-1-0.dll
0x00000135fe750000 - 0x00000135fe754000 	C:\Users\nguem\.openjfx\cache\19+11\amd64\api-ms-win-crt-string-l1-1-0.dll
0x00000135fe760000 - 0x00000135fe763000 	C:\Users\nguem\.openjfx\cache\19+11\amd64\api-ms-win-crt-time-l1-1-0.dll
0x00000135fe770000 - 0x00000135fe773000 	C:\Users\nguem\.openjfx\cache\19+11\amd64\api-ms-win-crt-utility-l1-1-0.dll
0x00007ffe95860000 - 0x00007ffe9595c000 	C:\Users\nguem\.openjfx\cache\19+11\amd64\ucrtbase.dll
0x00007ffeecc60000 - 0x00007ffeecc7b000 	C:\Users\nguem\.openjfx\cache\19+11\amd64\vcruntime140.dll
0x00007ffef9bb0000 - 0x00007ffef9bbc000 	C:\Users\nguem\.openjfx\cache\19+11\amd64\vcruntime140_1.dll
0x00007ffeaf2c0000 - 0x00007ffeaf34e000 	C:\Users\nguem\.openjfx\cache\19+11\amd64\msvcp140.dll
0x00007ffeed810000 - 0x00007ffeed819000 	C:\Users\nguem\.openjfx\cache\19+11\amd64\msvcp140_1.dll
0x00007ffec2b00000 - 0x00007ffec2b30000 	C:\Users\nguem\.openjfx\cache\19+11\amd64\msvcp140_2.dll
0x00007ffec2ad0000 - 0x00007ffec2afc000 	C:\Users\nguem\.openjfx\cache\19+11\amd64\prism_d3d.dll
0x00007ffeebe90000 - 0x00007ffeec039000 	C:\Windows\system32\d3d9.dll
0x00007fff0d010000 - 0x00007fff0d03b000 	C:\Windows\SYSTEM32\dwmapi.dll
0x00007fff0d080000 - 0x00007fff0d0b6000 	C:\Windows\SYSTEM32\dxcore.dll
0x00007fff0cd90000 - 0x00007fff0ce3b000 	C:\Windows\system32\uxtheme.dll
0x00007ffe8a990000 - 0x00007ffe8ab3f000 	C:\Windows\System32\DriverStore\FileRepository\iigd_dch.inf_amd64_51f685305808e3a5\igdumdim64.dll
0x00007fff10ae0000 - 0x00007fff10c7c000 	C:\Windows\System32\ole32.dll
0x00007ffe7b340000 - 0x00007ffe7e3e3000 	C:\Windows\System32\DriverStore\FileRepository\iigd_dch.inf_amd64_51f685305808e3a5\igd9dxva64.dll
0x00007fff122b0000 - 0x00007fff1272a000 	C:\Windows\System32\SETUPAPI.dll
0x00007fff0f860000 - 0x00007fff0f8ae000 	C:\Windows\SYSTEM32\cfgmgr32.dll
0x00007fff03c60000 - 0x00007fff04069000 	C:\Windows\System32\DriverStore\FileRepository\iigd_dch.inf_amd64_51f685305808e3a5\igdgmm64.dll
0x00007fff08990000 - 0x00007fff089d9000 	C:\Windows\SYSTEM32\directxdatabasehelper.dll
0x00007ffec2960000 - 0x00007ffec29a2000 	C:\Users\nguem\.openjfx\cache\19+11\amd64\glass.dll
0x00007fff10710000 - 0x00007fff10807000 	C:\Windows\System32\COMDLG32.dll
0x00007fff117f0000 - 0x00007fff1190e000 	C:\Windows\System32\MSCTF.dll
0x00007ffebf790000 - 0x00007ffebf7b7000 	C:\Windows\System32\DriverStore\FileRepository\iigd_dch.inf_amd64_51f685305808e3a5\igdinfo64.dll
0x00007fff001b0000 - 0x00007fff03944000 	C:\Windows\System32\DriverStore\FileRepository\iigd_dch.inf_amd64_51f685305808e3a5\igc64.dll
0x00007fff0f320000 - 0x00007fff0f33b000 	C:\Windows\SYSTEM32\CRYPTSP.dll
0x00007fff0ec00000 - 0x00007fff0ec35000 	C:\Windows\system32\rsaenh.dll
0x00007fff0f1a0000 - 0x00007fff0f1c8000 	C:\Windows\SYSTEM32\USERENV.dll
0x00007fff0f530000 - 0x00007fff0f558000 	C:\Windows\SYSTEM32\bcrypt.dll
0x00007fff0f340000 - 0x00007fff0f34c000 	C:\Windows\SYSTEM32\CRYPTBASE.dll
0x00007fff08f60000 - 0x00007fff08f79000 	C:\Windows\SYSTEM32\dhcpcsvc6.DLL
0x00007fff08f20000 - 0x00007fff08f3f000 	C:\Windows\SYSTEM32\dhcpcsvc.DLL
0x00007ffee8760000 - 0x00007ffee876e000 	C:\Program Files\Java\jdk-19\bin\sunmscapi.dll
0x00007fff10230000 - 0x00007fff10396000 	C:\Windows\System32\CRYPT32.dll
0x00007fff0f500000 - 0x00007fff0f52d000 	C:\Windows\SYSTEM32\ncrypt.dll
0x00007fff0f4c0000 - 0x00007fff0f4f7000 	C:\Windows\SYSTEM32\NTASN1.dll

dbghelp: loaded successfully - version: 4.0.5 - missing functions: none
symbol engine: initialized successfully - sym options: 0x614 - pdb path: .;C:\Program Files\Java\jdk-19\bin;C:\Windows\SYSTEM32;C:\Windows\WinSxS\amd64_microsoft.windows.common-controls_6595b64144ccf1df_6.0.22621.608_none_a9444ca7c10bb01d;C:\Program Files\Java\jdk-19\bin\server;C:\Program Files\Bonjour;C:\Users\nguem\.openjfx\cache\19+11\amd64;C:\Windows\System32\DriverStore\FileRepository\iigd_dch.inf_amd64_51f685305808e3a5;C:\Program Files\Common Files\Microsoft Shared\Ink

VM Arguments:
jvm_args: -agentlib:jdwp=transport=dt_socket,server=n,suspend=y,address=localhost:60240 --enable-preview -XX:+ShowCodeDetailsInExceptionMessages --module-path=C:\Users\nguem\source\investpro\target\classes;C:\Users\nguem\.m2\repository\org\java-websocket\Java-WebSocket\1.5.3\Java-WebSocket-1.5.3.jar;C:\Users\nguem\.m2\repository\org\openjfx\javafx-controls\19\javafx-controls-19-win.jar;C:\Users\nguem\.m2\repository\org\openjfx\javafx-graphics\19\javafx-graphics-19-win.jar;C:\Users\nguem\.m2\repository\org\openjfx\javafx-base\19\javafx-base-19-win.jar;C:\Users\nguem\.m2\repository\org\openjfx\javafx-fxml\19\javafx-fxml-19-win.jar;C:\Users\nguem\.m2\repository\org\jetbrains\annotations\23.0.0\annotations-23.0.0.jar;C:\Users\nguem\.m2\repository\com\jfoenix\jfoenix\9.0.10\jfoenix-9.0.10.jar;C:\Users\nguem\.m2\repository\org\openjfx\javafx-web\19\javafx-web-19-win.jar;C:\Users\nguem\.m2\repository\org\openjfx\javafx-media\19\javafx-media-19-win.jar;C:\Users\nguem\.m2\repository\org\json\json\20220320\json-20220320.jar;C:\Users\nguem\.m2\repository\org\testcontainers\testcontainers\1.17.6\testcontainers-1.17.6.jar;C:\Users\nguem\.m2\repository\com\fasterxml\jackson\core\jackson-databind\2.14.1\jackson-databind-2.14.1.jar;C:\Users\nguem\.m2\repository\com\fasterxml\jackson\core\jackson-annotations\2.14.1\jackson-annotations-2.14.1.jar;C:\Users\nguem\.m2\repository\com\fasterxml\jackson\core\jackson-core\2.14.1\jackson-core-2.14.1.jar;C:\Users\nguem\.m2\repository\org\openjfx\javafx-swing\19.0.2\javafx-swing-19.0.2-win.jar;C:\Users\nguem\.m2\repository\io\ebean\persistence-api\3.0\persistence-api-3.0.jar;C:\Users\nguem\.m2\repository\org\controlsfx\controlsfx\11.1.1\controlsfx-11.1.1.jar;C:\Users\nguem\.m2\repository\com\fasterxml\jackson\datatype\jackson-datatype-jsr310\2.14.0\jackson-datatype-jsr310-2.14.0.jar;C:\Users\nguem\.m2\repository\com\mysql\mysql-connector-j\8.0.32\mysql-connector-j-8.0.32.jar -Djdk.module.main=org.investpro.investpro 
java_command: org.investpro.investpro/org.investpro.investpro.Main
java_class_path (initial): C:\Users\nguem\.m2\repository\org\slf4j\slf4j-api\1.7.25\slf4j-api-1.7.25.jar;C:\Users\nguem\.m2\repository\org\openjfx\javafx-controls\19\javafx-controls-19.jar;C:\Users\nguem\.m2\repository\org\openjfx\javafx-graphics\19\javafx-graphics-19.jar;C:\Users\nguem\.m2\repository\org\openjfx\javafx-base\19\javafx-base-19.jar;C:\Users\nguem\.m2\repository\org\openjfx\javafx-fxml\19\javafx-fxml-19.jar;C:\Users\nguem\.m2\repository\org\openjfx\javafx-web\19\javafx-web-19.jar;C:\Users\nguem\.m2\repository\org\openjfx\javafx-media\19\javafx-media-19.jar;C:\Users\nguem\.m2\repository\junit\junit\4.13.2\junit-4.13.2.jar;C:\Users\nguem\.m2\repository\org\hamcrest\hamcrest-core\1.3\hamcrest-core-1.3.jar;C:\Users\nguem\.m2\repository\org\apache\commons\commons-compress\1.22\commons-compress-1.22.jar;C:\Users\nguem\.m2\repository\org\rnorth\duct-tape\duct-tape\1.0.8\duct-tape-1.0.8.jar;C:\Users\nguem\.m2\repository\com\github\docker-java\docker-java-api\3.2.13\docker-java-api-3.2.13.jar;C:\Users\nguem\.m2\repository\com\github\docker-java\docker-java-transport-zerodep\3.2.13\docker-java-transport-zerodep-3.2.13.jar;C:\Users\nguem\.m2\repository\com\github\docker-java\docker-java-transport\3.2.13\docker-java-transport-3.2.13.jar;C:\Users\nguem\.m2\repository\net\java\dev\jna\jna\5.8.0\jna-5.8.0.jar;C:\Users\nguem\.m2\repository\org\openjfx\javafx-swing\19.0.2\javafx-swing-19.0.2.jar;C:\Users\nguem\.m2\repository\io\ebean\ebean-annotation\8.3\ebean-annotation-8.3.jar;C:\Users\nguem\.m2\repository\xml-apis\xml-apis\1.4.01\xml-apis-1.4.01.jar;C:\Users\nguem\.m2\repository\org\eclipse\jetty\jetty-reactive-httpclient\3.0.7\jetty-reactive-httpclient-3.0.7.jar;C:\Users\nguem\.m2\repository\org\reactivestreams\reactive-streams\1.0.4\reactive-streams-1.0.4.jar;C:\Users\nguem\.m2\repository\org\eclipse\jetty\jetty-client\11.0.12\jetty-client-11.0.12.jar;C:\Users\nguem\.m2\repository\org\eclipse\jetty\jetty-http\11.0.12\jetty-http-11.0.12.jar;C:\Users\nguem\.m2\repository\org\eclipse\jetty\jetty-util\11.0.12\jetty-util-11.0.12.jar;C:\Users\nguem\.m2\repository\org\eclipse\jetty\jetty-io\11.0.12\jetty-io-11.0.12.jar;C:\Users\nguem\.m2\repository\org\eclipse\jetty\jetty-alpn-client\11.0.12\jetty-alpn-client-11.0.12.jar;C:\Users\nguem\.m2\repository\com\google\protobuf\protobuf-java\3.21.9\protobuf-java-3.21.9.jar;C:\Users\nguem\.m2\repository\com\github\ferstl\depgraph-maven-plugin\4.0.2\depgraph-maven-plugin-4.0.2.jar;C:\Users\nguem\.m2\repository\com\google\guava\guava\29.0-jre\guava-29.0-jre.jar;C:\Users\nguem\.m2\repository\com\google\guava\failureaccess\1.0.1\failureaccess-1.0.1.jar;C:\Users\nguem\.m2\repository\com\google\guava\listenablefuture\9999.0-empty-to-avoid-conflict-with-guava\listenablefuture-9999.0-empty-to-avoid-conflict-with-guava.jar;C:\Users\nguem\.m2\repository\com\google\code\findbugs\jsr305\3.0.2\jsr305-3.0.2.jar;C:\Users\nguem\.m2\repository\org\checkerframework\checker-qual\2.11.1\checker-qual-2.11.1.jar;C:\Users\nguem\.m2\repository\com\google\errorprone\error_prone_annotations\2.3.4\error_prone_annotations-2.3.4.jar;C:\Users\nguem\.m2\repository\com\google\j2objc\j2objc-annotations\1.3\j2objc-annotations-1.3.jar;C:\Users\nguem\.m2\repository\org\apache\maven\maven-plugin-api\3.6.3\maven-plugin-api-3.6.3.jar;C:\Users\nguem\.m2\repository\org\apache\maven\maven-model\3.6.3\maven-model-3.6.3.jar;C:\Users\nguem\.m2\repository\org\apache\maven\maven-artifact\3.6.3\maven-artifact-3.6.3.jar;C:\Users\nguem\.m2\repository\org\apache\commons\commons-lang3\3.8.1\commons-lang3-3.8.1.jar;C:\Users\nguem\.m2\repository\org\eclipse\sisu\org.eclipse.sisu.plexus\0.3.4\org.eclipse.sisu.plexus-0.3.4.jar;C:\Users\nguem\.m2\repository\javax\enterprise\cdi-api\1.0\cdi-api-1.0.jar;C:\Users\nguem\.m2\repository\javax\annotation\jsr250-api\1.0\jsr250-api-1.0.jar;C:\Users\nguem\.m2\repository\javax\inject\javax.inject\1\javax.inject-1.jar;C:\Users\nguem\.m2\repository\org\eclipse\sisu\org.eclipse.sisu.inject\0.3.4\org.eclipse.sisu.inject-0.3.4.jar;C:\Users\nguem\.m2\repository\org\codehaus\plexus\plexus-component-annotations\1.5.5\plexus-component-annotations-1.5.5.jar;C:\Users\nguem\.m2\repository\org\codehaus\plexus\plexus-utils\3.2.1\plexus-utils-3.2.1.jar;C:\Users\nguem\.m2\repository\org\codehaus\plexus\plexus-classworlds\2.6.0\plexus-classworlds-2.6.0.jar;C:\Users\nguem\.m2\repository\org\apache\maven\shared\maven-common-artifact-filters\3.1.0\maven-common-artifact-filters-3.1.0.jar
Launcher Type: SUN_STANDARD

[Global flags]
     intx CICompilerCount                          = 4                                         {product} {ergonomic}
     uint ConcGCThreads                            = 3                                         {product} {ergonomic}
     uint G1ConcRefinementThreads                  = 10                                        {product} {ergonomic}
   size_t G1HeapRegionSize                         = 1048576                                   {product} {ergonomic}
    uintx GCDrainStackTargetSize                   = 64                                        {product} {ergonomic}
   size_t InitialHeapSize                          = 132120576                                 {product} {ergonomic}
   size_t MarkStackSize                            = 4194304                                   {product} {ergonomic}
   size_t MaxHeapSize                              = 2082471936                                {product} {ergonomic}
   size_t MaxNewSize                               = 1248854016                                {product} {ergonomic}
   size_t MinHeapDeltaBytes                        = 1048576                                   {product} {ergonomic}
   size_t MinHeapSize                              = 8388608                                   {product} {ergonomic}
    uintx NonNMethodCodeHeapSize                   = 5839372                                {pd product} {ergonomic}
    uintx NonProfiledCodeHeapSize                  = 122909434                              {pd product} {ergonomic}
    uintx ProfiledCodeHeapSize                     = 122909434                              {pd product} {ergonomic}
    uintx ReservedCodeCacheSize                    = 251658240                              {pd product} {ergonomic}
     bool SegmentedCodeCache                       = true                                      {product} {ergonomic}
     bool ShowCodeDetailsInExceptionMessages       = true                                   {manageable} {command line}
   size_t SoftMaxHeapSize                          = 2082471936                             {manageable} {ergonomic}
     bool UseCompressedClassPointers               = true                           {product lp64_product} {ergonomic}
     bool UseCompressedOops                        = true                           {product lp64_product} {ergonomic}
     bool UseG1GC                                  = true                                      {product} {ergonomic}
     bool UseLargePagesIndividualAllocation        = false                                  {pd product} {ergonomic}

Logging:
Log output configuration:
 #0: stdout all=warning uptime,level,tags foldmultilines=false
 #1: stderr all=off uptime,level,tags foldmultilines=false

Environment Variables:
JAVA_HOME=C:\Program Files\Java\jdk-19
PATH=C:\Program Files (x86)\Microsoft\Edge\Application;C:\Users\nguem\AppData\Roaming\Microsoft\Windows\Start Menu\Programs\Python 3.11;C:\Users\nguem\AppData\Local\Programs\Microsoft VS Code\bin
USERNAME=nguem
LANG=en_US.UTF-8
OS=Windows_NT
PROCESSOR_IDENTIFIER=Intel64 Family 6 Model 165 Stepping 2, GenuineIntel
TMP=C:\Users\nguem\AppData\Local\Temp
TEMP=C:\Users\nguem\AppData\Local\Temp



---------------  S Y S T E M  ---------------

OS:
 Windows 11 , 64 bit Build 22621 (10.0.22621.1105)
OS uptime: 0 days 21:37 hours
Hyper-V role detected

CPU: total 12 (initial active 12) (6 cores per cpu, 2 threads per core) family 6 model 165 stepping 2 microcode 0xe2, cx8, cmov, fxsr, ht, mmx, 3dnowpref, sse, sse2, sse3, ssse3, sse4.1, sse4.2, popcnt, lzcnt, tsc, tscinvbit, avx, avx2, aes, erms, clmul, bmi1, bmi2, adx, fma, vzeroupper, clflush, clflushopt, hv, rdtscp

Memory: 4k page, system-wide physical 7940M (962M free)
TotalPageFile size 21689M (AvailPageFile size 8719M)
current process WorkingSet (physical memory assigned to process): 827M, peak: 884M
current process commit charge ("private bytes"): 963M, peak: 1016M

vm_info: Java HotSpot(TM) 64-Bit Server VM (19.0.1+10-21) for windows-amd64 JRE (19.0.1+10-21), built on 2022-09-14T12:45:06Z by "mach5one" with MS VC++ 17.1 (VS2022)

END.
