Mar 17, 2024 12:29:35 AM org.investpro.Main lambda$start$1
SEVERE: com/sun/javafx/scene/TreeShowingProperty
java.lang.NoClassDefFoundError: com/sun/javafx/scene/TreeShowingProperty
	at javafx.controls@21-ea/javafx.scene.control.skin.ProgressIndicatorSkin.<init>(ProgressIndicatorSkin.java:130)
	at javafx.controls@21-ea/javafx.scene.control.ProgressIndicator.createDefaultSkin(ProgressIndicator.java:194)
	at javafx.controls@21-ea/javafx.scene.control.Control.doProcessCSS(Control.java:910)
	at javafx.controls@21-ea/javafx.scene.control.Control$1.doProcessCSS(Control.java:88)
	at javafx.controls@21-ea/com.sun.javafx.scene.control.ControlHelper.processCSSImpl(ControlHelper.java:68)
	at javafx.graphics@21-ea/com.sun.javafx.scene.NodeHelper.processCSS(NodeHelper.java:147)
	at javafx.graphics@21-ea/javafx.scene.Parent.doProcessCSS(Parent.java:1401)
	at javafx.graphics@21-ea/javafx.scene.Parent$1.doProcessCSS(Parent.java:125)
	at javafx.graphics@21-ea/com.sun.javafx.scene.ParentHelper.processCSSImpl(ParentHelper.java:98)
	at javafx.graphics@21-ea/com.sun.javafx.scene.NodeHelper.processCSS(NodeHelper.java:147)
	at javafx.graphics@21-ea/javafx.scene.Parent.doProcessCSS(Parent.java:1401)
	at javafx.graphics@21-ea/javafx.scene.Parent$1.doProcessCSS(Parent.java:125)
	at javafx.graphics@21-ea/com.sun.javafx.scene.ParentHelper.processCSSImpl(ParentHelper.java:98)
	at javafx.graphics@21-ea/com.sun.javafx.scene.NodeHelper.processCSS(NodeHelper.java:147)
	at javafx.graphics@21-ea/javafx.scene.Node.processCSS(Node.java:9615)
	at javafx.graphics@21-ea/javafx.scene.Node.processCSS(Node.java:9608)
	at javafx.graphics@21-ea/javafx.scene.Node.processCSS(Node.java:9608)
	at javafx.graphics@21-ea/javafx.scene.Node.processCSS(Node.java:9608)
	at javafx.graphics@21-ea/javafx.scene.Node.processCSS(Node.java:9608)
	at javafx.graphics@21-ea/javafx.scene.Node.processCSS(Node.java:9608)
	at javafx.graphics@21-ea/javafx.scene.Node.processCSS(Node.java:9608)
	at javafx.graphics@21-ea/javafx.scene.Node.processCSS(Node.java:9608)
	at javafx.graphics@21-ea/javafx.scene.Node.processCSS(Node.java:9608)
	at javafx.graphics@21-ea/javafx.scene.Node.processCSS(Node.java:9608)
	at javafx.graphics@21-ea/javafx.scene.Node.processCSS(Node.java:9608)
	at javafx.graphics@21-ea/javafx.scene.Node.processCSS(Node.java:9608)
	at javafx.graphics@21-ea/javafx.scene.Node.processCSS(Node.java:9608)
	at javafx.graphics@21-ea/javafx.scene.Node.processCSS(Node.java:9608)
	at javafx.graphics@21-ea/javafx.scene.Node.processCSS(Node.java:9608)
	at javafx.graphics@21-ea/javafx.scene.Scene.doCSSPass(Scene.java:587)
	at javafx.graphics@21-ea/javafx.scene.Scene$ScenePulseListener.pulse(Scene.java:2591)
	at javafx.graphics@21-ea/com.sun.javafx.tk.Toolkit.lambda$runPulse$2(Toolkit.java:398)
	at java.base/java.security.AccessController.doPrivileged(AccessController.java:400)
	at javafx.graphics@21-ea/com.sun.javafx.tk.Toolkit.runPulse(Toolkit.java:397)
	at javafx.graphics@21-ea/com.sun.javafx.tk.Toolkit.firePulse(Toolkit.java:427)
	at javafx.graphics@21-ea/com.sun.javafx.tk.quantum.QuantumToolkit.pulse(QuantumToolkit.java:592)
	at javafx.graphics@21-ea/com.sun.javafx.tk.quantum.QuantumToolkit.pulse(QuantumToolkit.java:572)
	at javafx.graphics@21-ea/com.sun.javafx.tk.quantum.QuantumToolkit.pulseFromQueue(QuantumToolkit.java:565)
	at javafx.graphics@21-ea/com.sun.javafx.tk.quantum.QuantumToolkit.lambda$runToolkit$11(QuantumToolkit.java:352)
	at javafx.graphics@21-ea/com.sun.glass.ui.InvokeLaterDispatcher$Future.run(InvokeLaterDispatcher.java:95)
	at javafx.graphics@21-ea/com.sun.glass.ui.win.WinApplication._runLoop(Native Method)
	at javafx.graphics@21-ea/com.sun.glass.ui.win.WinApplication.lambda$runLoop$3(WinApplication.java:183)
	at java.base/java.lang.Thread.run(Thread.java:1583)
Caused by: java.lang.ClassNotFoundException: com.sun.javafx.scene.TreeShowingProperty
	at java.base/jdk.internal.loader.BuiltinClassLoader.loadClass(BuiltinClassLoader.java:641)
	at java.base/jdk.internal.loader.ClassLoaders$AppClassLoader.loadClass(ClassLoaders.java:188)
	at java.base/java.lang.ClassLoader.loadClass(ClassLoader.java:526)
	... 43 more

Mar 17, 2024 12:30:01 AM org.investpro.Main lambda$start$1
SEVERE: com/sun/javafx/scene/TreeShowingProperty
java.lang.NoClassDefFoundError: com/sun/javafx/scene/TreeShowingProperty
	at javafx.controls@21-ea/javafx.scene.control.skin.ProgressIndicatorSkin.<init>(ProgressIndicatorSkin.java:130)
	at javafx.controls@21-ea/javafx.scene.control.ProgressIndicator.createDefaultSkin(ProgressIndicator.java:194)
	at javafx.controls@21-ea/javafx.scene.control.Control.doProcessCSS(Control.java:910)
	at javafx.controls@21-ea/javafx.scene.control.Control$1.doProcessCSS(Control.java:88)
	at javafx.controls@21-ea/com.sun.javafx.scene.control.ControlHelper.processCSSImpl(ControlHelper.java:68)
	at javafx.graphics@21-ea/com.sun.javafx.scene.NodeHelper.processCSS(NodeHelper.java:147)
	at javafx.graphics@21-ea/javafx.scene.Parent.doProcessCSS(Parent.java:1401)
	at javafx.graphics@21-ea/javafx.scene.Parent$1.doProcessCSS(Parent.java:125)
	at javafx.graphics@21-ea/com.sun.javafx.scene.ParentHelper.processCSSImpl(ParentHelper.java:98)
	at javafx.graphics@21-ea/com.sun.javafx.scene.NodeHelper.processCSS(NodeHelper.java:147)
	at javafx.graphics@21-ea/javafx.scene.Parent.doProcessCSS(Parent.java:1401)
	at javafx.graphics@21-ea/javafx.scene.Parent$1.doProcessCSS(Parent.java:125)
	at javafx.graphics@21-ea/com.sun.javafx.scene.ParentHelper.processCSSImpl(ParentHelper.java:98)
	at javafx.graphics@21-ea/com.sun.javafx.scene.NodeHelper.processCSS(NodeHelper.java:147)
	at javafx.graphics@21-ea/javafx.scene.Node.processCSS(Node.java:9615)
	at javafx.graphics@21-ea/javafx.scene.Node.processCSS(Node.java:9608)
	at javafx.graphics@21-ea/javafx.scene.Node.processCSS(Node.java:9608)
	at javafx.graphics@21-ea/javafx.scene.Node.processCSS(Node.java:9608)
	at javafx.graphics@21-ea/javafx.scene.Node.processCSS(Node.java:9608)
	at javafx.graphics@21-ea/javafx.scene.Node.processCSS(Node.java:9608)
	at javafx.graphics@21-ea/javafx.scene.Node.processCSS(Node.java:9608)
	at javafx.graphics@21-ea/javafx.scene.Node.processCSS(Node.java:9608)
	at javafx.graphics@21-ea/javafx.scene.Node.processCSS(Node.java:9608)
	at javafx.graphics@21-ea/javafx.scene.Node.processCSS(Node.java:9608)
	at javafx.graphics@21-ea/javafx.scene.Node.processCSS(Node.java:9608)
	at javafx.graphics@21-ea/javafx.scene.Node.processCSS(Node.java:9608)
	at javafx.graphics@21-ea/javafx.scene.Node.processCSS(Node.java:9608)
	at javafx.graphics@21-ea/javafx.scene.Node.processCSS(Node.java:9608)
	at javafx.graphics@21-ea/javafx.scene.Node.processCSS(Node.java:9608)
	at javafx.graphics@21-ea/javafx.scene.Scene.doCSSPass(Scene.java:587)
	at javafx.graphics@21-ea/javafx.scene.Scene$ScenePulseListener.pulse(Scene.java:2591)
	at javafx.graphics@21-ea/com.sun.javafx.tk.Toolkit.lambda$runPulse$2(Toolkit.java:398)
	at java.base/java.security.AccessController.doPrivileged(AccessController.java:400)
	at javafx.graphics@21-ea/com.sun.javafx.tk.Toolkit.runPulse(Toolkit.java:397)
	at javafx.graphics@21-ea/com.sun.javafx.tk.Toolkit.firePulse(Toolkit.java:427)
	at javafx.graphics@21-ea/com.sun.javafx.tk.quantum.QuantumToolkit.pulse(QuantumToolkit.java:592)
	at javafx.graphics@21-ea/com.sun.javafx.tk.quantum.QuantumToolkit.pulse(QuantumToolkit.java:572)
	at javafx.graphics@21-ea/com.sun.javafx.tk.quantum.QuantumToolkit.pulseFromQueue(QuantumToolkit.java:565)
	at javafx.graphics@21-ea/com.sun.javafx.tk.quantum.QuantumToolkit.lambda$runToolkit$11(QuantumToolkit.java:352)
	at javafx.graphics@21-ea/com.sun.glass.ui.InvokeLaterDispatcher$Future.run(InvokeLaterDispatcher.java:95)
	at javafx.graphics@21-ea/com.sun.glass.ui.win.WinApplication._runLoop(Native Method)
	at javafx.graphics@21-ea/com.sun.glass.ui.win.WinApplication.lambda$runLoop$3(WinApplication.java:183)
	at java.base/java.lang.Thread.run(Thread.java:1583)
Caused by: java.lang.ClassNotFoundException: com.sun.javafx.scene.TreeShowingProperty
	... 43 more

Mar 17, 2024 12:30:33 AM org.investpro.Main lambda$start$1
SEVERE: com/sun/javafx/scene/TreeShowingProperty
java.lang.NoClassDefFoundError: com/sun/javafx/scene/TreeShowingProperty
	at javafx.controls@21-ea/javafx.scene.control.skin.ProgressIndicatorSkin.<init>(ProgressIndicatorSkin.java:130)
	at javafx.controls@21-ea/javafx.scene.control.ProgressIndicator.createDefaultSkin(ProgressIndicator.java:194)
	at javafx.controls@21-ea/javafx.scene.control.Control.doProcessCSS(Control.java:910)
	at javafx.controls@21-ea/javafx.scene.control.Control$1.doProcessCSS(Control.java:88)
	at javafx.controls@21-ea/com.sun.javafx.scene.control.ControlHelper.processCSSImpl(ControlHelper.java:68)
	at javafx.graphics@21-ea/com.sun.javafx.scene.NodeHelper.processCSS(NodeHelper.java:147)
	at javafx.graphics@21-ea/javafx.scene.Parent.doProcessCSS(Parent.java:1401)
	at javafx.graphics@21-ea/javafx.scene.Parent$1.doProcessCSS(Parent.java:125)
	at javafx.graphics@21-ea/com.sun.javafx.scene.ParentHelper.processCSSImpl(ParentHelper.java:98)
	at javafx.graphics@21-ea/com.sun.javafx.scene.NodeHelper.processCSS(NodeHelper.java:147)
	at javafx.graphics@21-ea/javafx.scene.Parent.doProcessCSS(Parent.java:1401)
	at javafx.graphics@21-ea/javafx.scene.Parent$1.doProcessCSS(Parent.java:125)
	at javafx.graphics@21-ea/com.sun.javafx.scene.ParentHelper.processCSSImpl(ParentHelper.java:98)
	at javafx.graphics@21-ea/com.sun.javafx.scene.NodeHelper.processCSS(NodeHelper.java:147)
	at javafx.graphics@21-ea/javafx.scene.Parent.doProcessCSS(Parent.java:1401)
	at javafx.graphics@21-ea/javafx.scene.Parent$1.doProcessCSS(Parent.java:125)
	at javafx.graphics@21-ea/com.sun.javafx.scene.ParentHelper.processCSSImpl(ParentHelper.java:98)
	at javafx.graphics@21-ea/com.sun.javafx.scene.NodeHelper.processCSS(NodeHelper.java:147)
	at javafx.graphics@21-ea/javafx.scene.Parent.doProcessCSS(Parent.java:1401)
	at javafx.graphics@21-ea/javafx.scene.Parent$1.doProcessCSS(Parent.java:125)
	at javafx.graphics@21-ea/com.sun.javafx.scene.ParentHelper.processCSSImpl(ParentHelper.java:98)
	at javafx.graphics@21-ea/com.sun.javafx.scene.NodeHelper.processCSS(NodeHelper.java:147)
	at javafx.graphics@21-ea/javafx.scene.Parent.doProcessCSS(Parent.java:1401)
	at javafx.graphics@21-ea/javafx.scene.Parent$1.doProcessCSS(Parent.java:125)
	at javafx.graphics@21-ea/com.sun.javafx.scene.ParentHelper.processCSSImpl(ParentHelper.java:98)
	at javafx.graphics@21-ea/com.sun.javafx.scene.NodeHelper.processCSS(NodeHelper.java:147)
	at javafx.graphics@21-ea/javafx.scene.Parent.doProcessCSS(Parent.java:1401)
	at javafx.graphics@21-ea/javafx.scene.Parent$1.doProcessCSS(Parent.java:125)
	at javafx.graphics@21-ea/com.sun.javafx.scene.ParentHelper.processCSSImpl(ParentHelper.java:98)
	at javafx.graphics@21-ea/com.sun.javafx.scene.NodeHelper.processCSS(NodeHelper.java:147)
	at javafx.graphics@21-ea/javafx.scene.Parent.doProcessCSS(Parent.java:1401)
	at javafx.graphics@21-ea/javafx.scene.Parent$1.doProcessCSS(Parent.java:125)
	at javafx.graphics@21-ea/com.sun.javafx.scene.ParentHelper.processCSSImpl(ParentHelper.java:98)
	at javafx.graphics@21-ea/com.sun.javafx.scene.NodeHelper.processCSS(NodeHelper.java:147)
	at javafx.graphics@21-ea/javafx.scene.Parent.doProcessCSS(Parent.java:1401)
	at javafx.graphics@21-ea/javafx.scene.Parent$1.doProcessCSS(Parent.java:125)
	at javafx.graphics@21-ea/com.sun.javafx.scene.ParentHelper.processCSSImpl(ParentHelper.java:98)
	at javafx.controls@21-ea/com.sun.javafx.scene.control.ControlHelper.superProcessCSSImpl(ControlHelper.java:63)
	at javafx.controls@21-ea/com.sun.javafx.scene.control.ControlHelper.superProcessCSS(ControlHelper.java:55)
	at javafx.controls@21-ea/javafx.scene.control.Control.doProcessCSS(Control.java:899)
	at javafx.controls@21-ea/javafx.scene.control.Control$1.doProcessCSS(Control.java:88)
	at javafx.controls@21-ea/com.sun.javafx.scene.control.ControlHelper.processCSSImpl(ControlHelper.java:68)
	at javafx.graphics@21-ea/com.sun.javafx.scene.NodeHelper.processCSS(NodeHelper.java:147)
	at javafx.graphics@21-ea/javafx.scene.Parent.doProcessCSS(Parent.java:1401)
	at javafx.graphics@21-ea/javafx.scene.Parent$1.doProcessCSS(Parent.java:125)
	at javafx.graphics@21-ea/com.sun.javafx.scene.ParentHelper.processCSSImpl(ParentHelper.java:98)
	at javafx.graphics@21-ea/com.sun.javafx.scene.NodeHelper.processCSS(NodeHelper.java:147)
	at javafx.graphics@21-ea/javafx.scene.Parent.doProcessCSS(Parent.java:1401)
	at javafx.graphics@21-ea/javafx.scene.Parent$1.doProcessCSS(Parent.java:125)
	at javafx.graphics@21-ea/com.sun.javafx.scene.ParentHelper.processCSSImpl(ParentHelper.java:98)
	at javafx.controls@21-ea/com.sun.javafx.scene.control.ControlHelper.superProcessCSSImpl(ControlHelper.java:63)
	at javafx.controls@21-ea/com.sun.javafx.scene.control.ControlHelper.superProcessCSS(ControlHelper.java:55)
	at javafx.controls@21-ea/javafx.scene.control.Control.doProcessCSS(Control.java:899)
	at javafx.controls@21-ea/javafx.scene.control.Control$1.doProcessCSS(Control.java:88)
	at javafx.controls@21-ea/com.sun.javafx.scene.control.ControlHelper.processCSSImpl(ControlHelper.java:68)
	at javafx.graphics@21-ea/com.sun.javafx.scene.NodeHelper.processCSS(NodeHelper.java:147)
	at javafx.graphics@21-ea/javafx.scene.Parent.doProcessCSS(Parent.java:1401)
	at javafx.graphics@21-ea/javafx.scene.Parent$1.doProcessCSS(Parent.java:125)
	at javafx.graphics@21-ea/com.sun.javafx.scene.ParentHelper.processCSSImpl(ParentHelper.java:98)
	at javafx.graphics@21-ea/com.sun.javafx.scene.NodeHelper.processCSS(NodeHelper.java:147)
	at javafx.graphics@21-ea/javafx.scene.Parent.doProcessCSS(Parent.java:1401)
	at javafx.graphics@21-ea/javafx.scene.Parent$1.doProcessCSS(Parent.java:125)
	at javafx.graphics@21-ea/com.sun.javafx.scene.ParentHelper.processCSSImpl(ParentHelper.java:98)
	at javafx.graphics@21-ea/com.sun.javafx.scene.NodeHelper.processCSS(NodeHelper.java:147)
	at javafx.graphics@21-ea/javafx.scene.Parent.doProcessCSS(Parent.java:1401)
	at javafx.graphics@21-ea/javafx.scene.Parent$1.doProcessCSS(Parent.java:125)
	at javafx.graphics@21-ea/com.sun.javafx.scene.ParentHelper.processCSSImpl(ParentHelper.java:98)
	at javafx.graphics@21-ea/com.sun.javafx.scene.NodeHelper.processCSS(NodeHelper.java:147)
	at javafx.graphics@21-ea/javafx.scene.Parent.doProcessCSS(Parent.java:1401)
	at javafx.graphics@21-ea/javafx.scene.Parent$1.doProcessCSS(Parent.java:125)
	at javafx.graphics@21-ea/com.sun.javafx.scene.ParentHelper.processCSSImpl(ParentHelper.java:98)
	at javafx.graphics@21-ea/com.sun.javafx.scene.NodeHelper.processCSS(NodeHelper.java:147)
	at javafx.graphics@21-ea/javafx.scene.Parent.doProcessCSS(Parent.java:1401)
	at javafx.graphics@21-ea/javafx.scene.Parent$1.doProcessCSS(Parent.java:125)
	at javafx.graphics@21-ea/com.sun.javafx.scene.ParentHelper.processCSSImpl(ParentHelper.java:98)
	at javafx.controls@21-ea/com.sun.javafx.scene.control.ControlHelper.superProcessCSSImpl(ControlHelper.java:63)
	at javafx.controls@21-ea/com.sun.javafx.scene.control.ControlHelper.superProcessCSS(ControlHelper.java:55)
	at javafx.controls@21-ea/javafx.scene.control.Control.doProcessCSS(Control.java:899)
	at javafx.controls@21-ea/javafx.scene.control.Control$1.doProcessCSS(Control.java:88)
	at javafx.controls@21-ea/com.sun.javafx.scene.control.ControlHelper.processCSSImpl(ControlHelper.java:68)
	at javafx.graphics@21-ea/com.sun.javafx.scene.NodeHelper.processCSS(NodeHelper.java:147)
	at javafx.graphics@21-ea/javafx.scene.Node.processCSS(Node.java:9615)
	at javafx.graphics@21-ea/javafx.scene.Node.processCSS(Node.java:9608)
	at javafx.graphics@21-ea/javafx.scene.Scene.doCSSPass(Scene.java:587)
	at javafx.graphics@21-ea/javafx.scene.Scene$ScenePulseListener.pulse(Scene.java:2591)
	at javafx.graphics@21-ea/com.sun.javafx.tk.Toolkit.lambda$runPulse$2(Toolkit.java:398)
	at java.base/java.security.AccessController.doPrivileged(AccessController.java:400)
	at javafx.graphics@21-ea/com.sun.javafx.tk.Toolkit.runPulse(Toolkit.java:397)
	at javafx.graphics@21-ea/com.sun.javafx.tk.Toolkit.firePulse(Toolkit.java:427)
	at javafx.graphics@21-ea/com.sun.javafx.tk.quantum.QuantumToolkit.pulse(QuantumToolkit.java:592)
	at javafx.graphics@21-ea/com.sun.javafx.tk.quantum.QuantumToolkit.pulse(QuantumToolkit.java:572)
	at javafx.graphics@21-ea/com.sun.javafx.tk.quantum.QuantumToolkit.pulseFromQueue(QuantumToolkit.java:565)
	at javafx.graphics@21-ea/com.sun.javafx.tk.quantum.QuantumToolkit.lambda$runToolkit$11(QuantumToolkit.java:352)
	at javafx.graphics@21-ea/com.sun.glass.ui.InvokeLaterDispatcher$Future.run(InvokeLaterDispatcher.java:95)
	at javafx.graphics@21-ea/com.sun.glass.ui.win.WinApplication._runLoop(Native Method)
	at javafx.graphics@21-ea/com.sun.glass.ui.win.WinApplication.lambda$runLoop$3(WinApplication.java:183)
	at java.base/java.lang.Thread.run(Thread.java:1583)
Caused by: java.lang.ClassNotFoundException: com.sun.javafx.scene.TreeShowingProperty
	... 97 more

Mar 17, 2024 12:30:34 AM org.investpro.Main lambda$start$1
SEVERE: com/sun/javafx/scene/TreeShowingProperty
java.lang.NoClassDefFoundError: com/sun/javafx/scene/TreeShowingProperty
	at javafx.controls@21-ea/javafx.scene.control.skin.ProgressIndicatorSkin.<init>(ProgressIndicatorSkin.java:130)
	at javafx.controls@21-ea/javafx.scene.control.ProgressIndicator.createDefaultSkin(ProgressIndicator.java:194)
	at javafx.controls@21-ea/javafx.scene.control.Control.doProcessCSS(Control.java:910)
	at javafx.controls@21-ea/javafx.scene.control.Control$1.doProcessCSS(Control.java:88)
	at javafx.controls@21-ea/com.sun.javafx.scene.control.ControlHelper.processCSSImpl(ControlHelper.java:68)
	at javafx.graphics@21-ea/com.sun.javafx.scene.NodeHelper.processCSS(NodeHelper.java:147)
	at javafx.graphics@21-ea/javafx.scene.Parent.doProcessCSS(Parent.java:1401)
	at javafx.graphics@21-ea/javafx.scene.Parent$1.doProcessCSS(Parent.java:125)
	at javafx.graphics@21-ea/com.sun.javafx.scene.ParentHelper.processCSSImpl(ParentHelper.java:98)
	at javafx.graphics@21-ea/com.sun.javafx.scene.NodeHelper.processCSS(NodeHelper.java:147)
	at javafx.graphics@21-ea/javafx.scene.Parent.doProcessCSS(Parent.java:1401)
	at javafx.graphics@21-ea/javafx.scene.Parent$1.doProcessCSS(Parent.java:125)
	at javafx.graphics@21-ea/com.sun.javafx.scene.ParentHelper.processCSSImpl(ParentHelper.java:98)
	at javafx.graphics@21-ea/com.sun.javafx.scene.NodeHelper.processCSS(NodeHelper.java:147)
	at javafx.graphics@21-ea/javafx.scene.Parent.doProcessCSS(Parent.java:1401)
	at javafx.graphics@21-ea/javafx.scene.Parent$1.doProcessCSS(Parent.java:125)
	at javafx.graphics@21-ea/com.sun.javafx.scene.ParentHelper.processCSSImpl(ParentHelper.java:98)
	at javafx.graphics@21-ea/com.sun.javafx.scene.NodeHelper.processCSS(NodeHelper.java:147)
	at javafx.graphics@21-ea/javafx.scene.Parent.doProcessCSS(Parent.java:1401)
	at javafx.graphics@21-ea/javafx.scene.Parent$1.doProcessCSS(Parent.java:125)
	at javafx.graphics@21-ea/com.sun.javafx.scene.ParentHelper.processCSSImpl(ParentHelper.java:98)
	at javafx.graphics@21-ea/com.sun.javafx.scene.NodeHelper.processCSS(NodeHelper.java:147)
	at javafx.graphics@21-ea/javafx.scene.Parent.doProcessCSS(Parent.java:1401)
	at javafx.graphics@21-ea/javafx.scene.Parent$1.doProcessCSS(Parent.java:125)
	at javafx.graphics@21-ea/com.sun.javafx.scene.ParentHelper.processCSSImpl(ParentHelper.java:98)
	at javafx.graphics@21-ea/com.sun.javafx.scene.NodeHelper.processCSS(NodeHelper.java:147)
	at javafx.graphics@21-ea/javafx.scene.Parent.doProcessCSS(Parent.java:1401)
	at javafx.graphics@21-ea/javafx.scene.Parent$1.doProcessCSS(Parent.java:125)
	at javafx.graphics@21-ea/com.sun.javafx.scene.ParentHelper.processCSSImpl(ParentHelper.java:98)
	at javafx.graphics@21-ea/com.sun.javafx.scene.NodeHelper.processCSS(NodeHelper.java:147)
	at javafx.graphics@21-ea/javafx.scene.Parent.doProcessCSS(Parent.java:1401)
	at javafx.graphics@21-ea/javafx.scene.Parent$1.doProcessCSS(Parent.java:125)
	at javafx.graphics@21-ea/com.sun.javafx.scene.ParentHelper.processCSSImpl(ParentHelper.java:98)
	at javafx.graphics@21-ea/com.sun.javafx.scene.NodeHelper.processCSS(NodeHelper.java:147)
	at javafx.graphics@21-ea/javafx.scene.Parent.doProcessCSS(Parent.java:1401)
	at javafx.graphics@21-ea/javafx.scene.Parent$1.doProcessCSS(Parent.java:125)
	at javafx.graphics@21-ea/com.sun.javafx.scene.ParentHelper.processCSSImpl(ParentHelper.java:98)
	at javafx.controls@21-ea/com.sun.javafx.scene.control.ControlHelper.superProcessCSSImpl(ControlHelper.java:63)
	at javafx.controls@21-ea/com.sun.javafx.scene.control.ControlHelper.superProcessCSS(ControlHelper.java:55)
	at javafx.controls@21-ea/javafx.scene.control.Control.doProcessCSS(Control.java:899)
	at javafx.controls@21-ea/javafx.scene.control.Control$1.doProcessCSS(Control.java:88)
	at javafx.controls@21-ea/com.sun.javafx.scene.control.ControlHelper.processCSSImpl(ControlHelper.java:68)
	at javafx.graphics@21-ea/com.sun.javafx.scene.NodeHelper.processCSS(NodeHelper.java:147)
	at javafx.graphics@21-ea/javafx.scene.Parent.doProcessCSS(Parent.java:1401)
	at javafx.graphics@21-ea/javafx.scene.Parent$1.doProcessCSS(Parent.java:125)
	at javafx.graphics@21-ea/com.sun.javafx.scene.ParentHelper.processCSSImpl(ParentHelper.java:98)
	at javafx.graphics@21-ea/com.sun.javafx.scene.NodeHelper.processCSS(NodeHelper.java:147)
	at javafx.graphics@21-ea/javafx.scene.Parent.doProcessCSS(Parent.java:1401)
	at javafx.graphics@21-ea/javafx.scene.Parent$1.doProcessCSS(Parent.java:125)
	at javafx.graphics@21-ea/com.sun.javafx.scene.ParentHelper.processCSSImpl(ParentHelper.java:98)
	at javafx.controls@21-ea/com.sun.javafx.scene.control.ControlHelper.superProcessCSSImpl(ControlHelper.java:63)
	at javafx.controls@21-ea/com.sun.javafx.scene.control.ControlHelper.superProcessCSS(ControlHelper.java:55)
	at javafx.controls@21-ea/javafx.scene.control.Control.doProcessCSS(Control.java:899)
	at javafx.controls@21-ea/javafx.scene.control.Control$1.doProcessCSS(Control.java:88)
	at javafx.controls@21-ea/com.sun.javafx.scene.control.ControlHelper.processCSSImpl(ControlHelper.java:68)
	at javafx.graphics@21-ea/com.sun.javafx.scene.NodeHelper.processCSS(NodeHelper.java:147)
	at javafx.graphics@21-ea/javafx.scene.Parent.doProcessCSS(Parent.java:1401)
	at javafx.graphics@21-ea/javafx.scene.Parent$1.doProcessCSS(Parent.java:125)
	at javafx.graphics@21-ea/com.sun.javafx.scene.ParentHelper.processCSSImpl(ParentHelper.java:98)
	at javafx.graphics@21-ea/com.sun.javafx.scene.NodeHelper.processCSS(NodeHelper.java:147)
	at javafx.graphics@21-ea/javafx.scene.Parent.doProcessCSS(Parent.java:1401)
	at javafx.graphics@21-ea/javafx.scene.Parent$1.doProcessCSS(Parent.java:125)
	at javafx.graphics@21-ea/com.sun.javafx.scene.ParentHelper.processCSSImpl(ParentHelper.java:98)
	at javafx.graphics@21-ea/com.sun.javafx.scene.NodeHelper.processCSS(NodeHelper.java:147)
	at javafx.graphics@21-ea/javafx.scene.Parent.doProcessCSS(Parent.java:1401)
	at javafx.graphics@21-ea/javafx.scene.Parent$1.doProcessCSS(Parent.java:125)
	at javafx.graphics@21-ea/com.sun.javafx.scene.ParentHelper.processCSSImpl(ParentHelper.java:98)
	at javafx.graphics@21-ea/com.sun.javafx.scene.NodeHelper.processCSS(NodeHelper.java:147)
	at javafx.graphics@21-ea/javafx.scene.Parent.doProcessCSS(Parent.java:1401)
	at javafx.graphics@21-ea/javafx.scene.Parent$1.doProcessCSS(Parent.java:125)
	at javafx.graphics@21-ea/com.sun.javafx.scene.ParentHelper.processCSSImpl(ParentHelper.java:98)
	at javafx.graphics@21-ea/com.sun.javafx.scene.NodeHelper.processCSS(NodeHelper.java:147)
	at javafx.graphics@21-ea/javafx.scene.Parent.doProcessCSS(Parent.java:1401)
	at javafx.graphics@21-ea/javafx.scene.Parent$1.doProcessCSS(Parent.java:125)
	at javafx.graphics@21-ea/com.sun.javafx.scene.ParentHelper.processCSSImpl(ParentHelper.java:98)
	at javafx.controls@21-ea/com.sun.javafx.scene.control.ControlHelper.superProcessCSSImpl(ControlHelper.java:63)
	at javafx.controls@21-ea/com.sun.javafx.scene.control.ControlHelper.superProcessCSS(ControlHelper.java:55)
	at javafx.controls@21-ea/javafx.scene.control.Control.doProcessCSS(Control.java:899)
	at javafx.controls@21-ea/javafx.scene.control.Control$1.doProcessCSS(Control.java:88)
	at javafx.controls@21-ea/com.sun.javafx.scene.control.ControlHelper.processCSSImpl(ControlHelper.java:68)
	at javafx.graphics@21-ea/com.sun.javafx.scene.NodeHelper.processCSS(NodeHelper.java:147)
	at javafx.graphics@21-ea/javafx.scene.Node.processCSS(Node.java:9615)
	at javafx.graphics@21-ea/javafx.scene.Node.processCSS(Node.java:9608)
	at javafx.graphics@21-ea/javafx.scene.Scene.doCSSPass(Scene.java:587)
	at javafx.graphics@21-ea/javafx.scene.Scene$ScenePulseListener.pulse(Scene.java:2591)
	at javafx.graphics@21-ea/com.sun.javafx.tk.Toolkit.lambda$runPulse$2(Toolkit.java:398)
	at java.base/java.security.AccessController.doPrivileged(AccessController.java:400)
	at javafx.graphics@21-ea/com.sun.javafx.tk.Toolkit.runPulse(Toolkit.java:397)
	at javafx.graphics@21-ea/com.sun.javafx.tk.Toolkit.firePulse(Toolkit.java:427)
	at javafx.graphics@21-ea/com.sun.javafx.tk.quantum.QuantumToolkit.pulse(QuantumToolkit.java:592)
	at javafx.graphics@21-ea/com.sun.javafx.tk.quantum.QuantumToolkit.pulse(QuantumToolkit.java:572)
	at javafx.graphics@21-ea/com.sun.javafx.tk.quantum.QuantumToolkit.pulseFromQueue(QuantumToolkit.java:565)
	at javafx.graphics@21-ea/com.sun.javafx.tk.quantum.QuantumToolkit.lambda$runToolkit$11(QuantumToolkit.java:352)
	at javafx.graphics@21-ea/com.sun.glass.ui.InvokeLaterDispatcher$Future.run(InvokeLaterDispatcher.java:95)
	at javafx.graphics@21-ea/com.sun.glass.ui.win.WinApplication._runLoop(Native Method)
	at javafx.graphics@21-ea/com.sun.glass.ui.win.WinApplication.lambda$runLoop$3(WinApplication.java:183)
	at java.base/java.lang.Thread.run(Thread.java:1583)
Caused by: java.lang.ClassNotFoundException: com.sun.javafx.scene.TreeShowingProperty
	... 97 more

Mar 17, 2024 12:30:38 AM org.investpro.Main lambda$start$1
SEVERE: com/sun/javafx/scene/TreeShowingProperty
java.lang.NoClassDefFoundError: com/sun/javafx/scene/TreeShowingProperty
	at javafx.controls@21-ea/javafx.scene.control.skin.ProgressIndicatorSkin.<init>(ProgressIndicatorSkin.java:130)
	at javafx.controls@21-ea/javafx.scene.control.ProgressIndicator.createDefaultSkin(ProgressIndicator.java:194)
	at javafx.controls@21-ea/javafx.scene.control.Control.doProcessCSS(Control.java:910)
	at javafx.controls@21-ea/javafx.scene.control.Control$1.doProcessCSS(Control.java:88)
	at javafx.controls@21-ea/com.sun.javafx.scene.control.ControlHelper.processCSSImpl(ControlHelper.java:68)
	at javafx.graphics@21-ea/com.sun.javafx.scene.NodeHelper.processCSS(NodeHelper.java:147)
	at javafx.graphics@21-ea/javafx.scene.Parent.doProcessCSS(Parent.java:1401)
	at javafx.graphics@21-ea/javafx.scene.Parent$1.doProcessCSS(Parent.java:125)
	at javafx.graphics@21-ea/com.sun.javafx.scene.ParentHelper.processCSSImpl(ParentHelper.java:98)
	at javafx.graphics@21-ea/com.sun.javafx.scene.NodeHelper.processCSS(NodeHelper.java:147)
	at javafx.graphics@21-ea/javafx.scene.Parent.doProcessCSS(Parent.java:1401)
	at javafx.graphics@21-ea/javafx.scene.Parent$1.doProcessCSS(Parent.java:125)
	at javafx.graphics@21-ea/com.sun.javafx.scene.ParentHelper.processCSSImpl(ParentHelper.java:98)
	at javafx.graphics@21-ea/com.sun.javafx.scene.NodeHelper.processCSS(NodeHelper.java:147)
	at javafx.graphics@21-ea/javafx.scene.Node.processCSS(Node.java:9615)
	at javafx.graphics@21-ea/javafx.scene.Node.processCSS(Node.java:9608)
	at javafx.graphics@21-ea/javafx.scene.Node.processCSS(Node.java:9608)
	at javafx.graphics@21-ea/javafx.scene.Node.processCSS(Node.java:9608)
	at javafx.graphics@21-ea/javafx.scene.Node.processCSS(Node.java:9608)
	at javafx.graphics@21-ea/javafx.scene.Node.processCSS(Node.java:9608)
	at javafx.graphics@21-ea/javafx.scene.Node.processCSS(Node.java:9608)
	at javafx.graphics@21-ea/javafx.scene.Node.processCSS(Node.java:9608)
	at javafx.graphics@21-ea/javafx.scene.Node.processCSS(Node.java:9608)
	at javafx.graphics@21-ea/javafx.scene.Node.processCSS(Node.java:9608)
	at javafx.graphics@21-ea/javafx.scene.Node.processCSS(Node.java:9608)
	at javafx.graphics@21-ea/javafx.scene.Node.processCSS(Node.java:9608)
	at javafx.graphics@21-ea/javafx.scene.Node.processCSS(Node.java:9608)
	at javafx.graphics@21-ea/javafx.scene.Node.processCSS(Node.java:9608)
	at javafx.graphics@21-ea/javafx.scene.Node.processCSS(Node.java:9608)
	at javafx.graphics@21-ea/javafx.scene.Scene.doCSSPass(Scene.java:587)
	at javafx.graphics@21-ea/javafx.scene.Scene$ScenePulseListener.pulse(Scene.java:2591)
	at javafx.graphics@21-ea/com.sun.javafx.tk.Toolkit.lambda$runPulse$2(Toolkit.java:398)
	at java.base/java.security.AccessController.doPrivileged(AccessController.java:400)
	at javafx.graphics@21-ea/com.sun.javafx.tk.Toolkit.runPulse(Toolkit.java:397)
	at javafx.graphics@21-ea/com.sun.javafx.tk.Toolkit.firePulse(Toolkit.java:427)
	at javafx.graphics@21-ea/com.sun.javafx.tk.quantum.QuantumToolkit.pulse(QuantumToolkit.java:592)
	at javafx.graphics@21-ea/com.sun.javafx.tk.quantum.QuantumToolkit.pulse(QuantumToolkit.java:572)
	at javafx.graphics@21-ea/com.sun.javafx.tk.quantum.QuantumToolkit.pulseFromQueue(QuantumToolkit.java:565)
	at javafx.graphics@21-ea/com.sun.javafx.tk.quantum.QuantumToolkit.lambda$runToolkit$11(QuantumToolkit.java:352)
	at javafx.graphics@21-ea/com.sun.glass.ui.InvokeLaterDispatcher$Future.run(InvokeLaterDispatcher.java:95)
	at javafx.graphics@21-ea/com.sun.glass.ui.win.WinApplication._runLoop(Native Method)
	at javafx.graphics@21-ea/com.sun.glass.ui.win.WinApplication.lambda$runLoop$3(WinApplication.java:183)
	at java.base/java.lang.Thread.run(Thread.java:1583)
Caused by: java.lang.ClassNotFoundException: com.sun.javafx.scene.TreeShowingProperty
	... 43 more

